SLF4J: Class path contains multiple SLF4J bindings.
SLF4J: Found binding in [jar:file:/usr/program/hadoop/share/hadoop/common/lib/slf4j-log4j12-1.7.25.jar!/org/slf4j/impl/StaticLoggerBinder.class]
SLF4J: Found binding in [jar:file:/usr/program/hive/lib/log4j-slf4j-impl-2.10.0.jar!/org/slf4j/impl/StaticLoggerBinder.class]
SLF4J: See http://www.slf4j.org/codes.html#multiple_bindings for an explanation.
core file size          (blocks, -c) unlimited
data seg size           (kbytes, -d) unlimited
scheduling priority             (-e) 0
file size               (blocks, -f) unlimited
pending signals                 (-i) 62919
max locked memory       (kbytes, -l) 64
max memory size         (kbytes, -m) unlimited
open files                      (-n) 1048576
pipe size            (512 bytes, -p) 8
POSIX message queues     (bytes, -q) 819200
real-time priority              (-r) 0
stack size              (kbytes, -s) 8192
cpu time               (seconds, -t) unlimited
max user processes              (-u) unlimited
virtual memory          (kbytes, -v) unlimited
file locks                      (-x) unlimited
SLF4J: Actual binding is of type [org.slf4j.impl.Log4jLoggerFactory]
Dec 27, 2023 2:52:52 AM com.sun.jersey.guice.spi.container.GuiceComponentProviderFactory register
INFO: Registering org.apache.hadoop.yarn.server.resourcemanager.webapp.JAXBContextResolver as a provider class
Dec 27, 2023 2:52:52 AM com.sun.jersey.guice.spi.container.GuiceComponentProviderFactory register
INFO: Registering org.apache.hadoop.yarn.server.resourcemanager.webapp.RMWebServices as a root resource class
Dec 27, 2023 2:52:52 AM com.sun.jersey.guice.spi.container.GuiceComponentProviderFactory register
INFO: Registering org.apache.hadoop.yarn.webapp.GenericExceptionHandler as a provider class
Dec 27, 2023 2:52:52 AM com.sun.jersey.server.impl.application.WebApplicationImpl _initiate
INFO: Initiating Jersey application, version 'Jersey: 1.19 02/11/2015 03:25 AM'
Dec 27, 2023 2:52:52 AM com.sun.jersey.guice.spi.container.GuiceComponentProviderFactory getComponentProvider
INFO: Binding org.apache.hadoop.yarn.server.resourcemanager.webapp.JAXBContextResolver to GuiceManagedComponentProvider with the scope "Singleton"
Dec 27, 2023 2:52:54 AM com.sun.jersey.guice.spi.container.GuiceComponentProviderFactory getComponentProvider
INFO: Binding org.apache.hadoop.yarn.webapp.GenericExceptionHandler to GuiceManagedComponentProvider with the scope "Singleton"
Dec 27, 2023 2:52:56 AM com.sun.jersey.guice.spi.container.GuiceComponentProviderFactory getComponentProvider
INFO: Binding org.apache.hadoop.yarn.server.resourcemanager.webapp.RMWebServices to GuiceManagedComponentProvider with the scope "Singleton"
