Spark Command: /usr/lib/jvm/java-1.8-openjdk/bin/java -cp /usr/program/spark/conf/:/usr/program/spark/jars/*:/usr/program/hadoop/etc/hadoop/:/usr/program/hadoop/share/hadoop/tools/lib/*:/usr/program/hadoop/share/hadoop/common/lib/*:/usr/program/hadoop/share/hadoop/common/*:/usr/program/hadoop/share/hadoop/hdfs/:/usr/program/hadoop/share/hadoop/hdfs/lib/*:/usr/program/hadoop/share/hadoop/hdfs/*:/usr/program/hadoop/share/hadoop/mapreduce/lib/*:/usr/program/hadoop/share/hadoop/mapreduce/*:/usr/program/hadoop/share/hadoop/yarn/:/usr/program/hadoop/share/hadoop/yarn/lib/*:/usr/program/hadoop/share/hadoop/yarn/* -Xmx1g org.apache.spark.deploy.worker.Worker --webui-port 8981 --port 8881 spark://master:7077
========================================
SLF4J: Class path contains multiple SLF4J bindings.
SLF4J: Found binding in [jar:file:/usr/program/spark/jars/slf4j-log4j12-1.7.30.jar!/org/slf4j/impl/StaticLoggerBinder.class]
SLF4J: Found binding in [jar:file:/usr/program/hadoop/share/hadoop/common/lib/slf4j-log4j12-1.7.25.jar!/org/slf4j/impl/StaticLoggerBinder.class]
SLF4J: See http://www.slf4j.org/codes.html#multiple_bindings for an explanation.
SLF4J: Actual binding is of type [org.slf4j.impl.Log4jLoggerFactory]
2023-12-27 02:52:40,508 INFO worker.Worker: Started daemon with process name: 213@worker1
2023-12-27 02:52:40,566 INFO util.SignalUtils: Registered signal handler for TERM
2023-12-27 02:52:40,567 INFO util.SignalUtils: Registered signal handler for HUP
2023-12-27 02:52:40,567 INFO util.SignalUtils: Registered signal handler for INT
2023-12-27 02:52:42,215 WARN util.NativeCodeLoader: Unable to load native-hadoop library for your platform... using builtin-java classes where applicable
2023-12-27 02:52:42,505 INFO spark.SecurityManager: Changing view acls to: root
2023-12-27 02:52:42,507 INFO spark.SecurityManager: Changing modify acls to: root
2023-12-27 02:52:42,511 INFO spark.SecurityManager: Changing view acls groups to: 
2023-12-27 02:52:42,512 INFO spark.SecurityManager: Changing modify acls groups to: 
2023-12-27 02:52:42,517 INFO spark.SecurityManager: SecurityManager: authentication disabled; ui acls disabled; users  with view permissions: Set(root); groups with view permissions: Set(); users  with modify permissions: Set(root); groups with modify permissions: Set()
2023-12-27 02:52:45,123 INFO util.Utils: Successfully started service 'sparkWorker' on port 8881.
2023-12-27 02:52:46,294 INFO worker.Worker: Starting Spark worker worker1:8881 with 4 cores, 14.5 GiB RAM
2023-12-27 02:52:46,348 INFO worker.Worker: Running Spark version 3.0.0
2023-12-27 02:52:46,348 INFO worker.Worker: Spark home: /usr/program/spark
2023-12-27 02:52:46,500 INFO resource.ResourceUtils: ==============================================================
2023-12-27 02:52:46,511 INFO resource.ResourceUtils: Resources for spark.worker:

2023-12-27 02:52:46,530 INFO resource.ResourceUtils: ==============================================================
2023-12-27 02:52:46,693 INFO util.log: Logging initialized @9970ms to org.sparkproject.jetty.util.log.Slf4jLog
2023-12-27 02:52:47,020 INFO server.Server: jetty-9.4.z-SNAPSHOT; built: 2019-04-29T20:42:08.989Z; git: e1bc35120a6617ee3df052294e433f3a25ce7097; jvm 1.8.0_275-b01
2023-12-27 02:52:47,194 INFO server.Server: Started @10471ms
2023-12-27 02:52:47,437 INFO server.AbstractConnector: Started ServerConnector@38f93028{HTTP/1.1,[http/1.1]}{172.28.1.2:8981}
2023-12-27 02:52:47,438 INFO util.Utils: Successfully started service 'WorkerUI' on port 8981.
2023-12-27 02:52:47,483 INFO handler.ContextHandler: Started o.s.j.s.ServletContextHandler@739389fd{/logPage,null,AVAILABLE,@Spark}
2023-12-27 02:52:47,534 INFO handler.ContextHandler: Started o.s.j.s.ServletContextHandler@cf3490a{/logPage/json,null,AVAILABLE,@Spark}
2023-12-27 02:52:47,534 INFO handler.ContextHandler: Started o.s.j.s.ServletContextHandler@5591a041{/,null,AVAILABLE,@Spark}
2023-12-27 02:52:47,550 INFO handler.ContextHandler: Started o.s.j.s.ServletContextHandler@161e7c2f{/json,null,AVAILABLE,@Spark}
2023-12-27 02:52:47,575 INFO handler.ContextHandler: Started o.s.j.s.ServletContextHandler@6d511598{/static,null,AVAILABLE,@Spark}
2023-12-27 02:52:47,598 INFO handler.ContextHandler: Started o.s.j.s.ServletContextHandler@1eb5d476{/log,null,AVAILABLE,@Spark}
2023-12-27 02:52:47,623 INFO ui.WorkerWebUI: Bound WorkerWebUI to 172.28.1.2, and started at http://localhost:8981
2023-12-27 02:52:47,651 INFO worker.Worker: Connecting to master master:7077...
2023-12-27 02:52:47,747 INFO handler.ContextHandler: Started o.s.j.s.ServletContextHandler@543326df{/metrics/json,null,AVAILABLE,@Spark}
2023-12-27 02:52:48,037 WARN worker.Worker: Failed to connect to master master:7077
org.apache.spark.SparkException: Exception thrown in awaitResult: 
	at org.apache.spark.util.ThreadUtils$.awaitResult(ThreadUtils.scala:302)
	at org.apache.spark.rpc.RpcTimeout.awaitResult(RpcTimeout.scala:75)
	at org.apache.spark.rpc.RpcEnv.setupEndpointRefByURI(RpcEnv.scala:101)
	at org.apache.spark.rpc.RpcEnv.setupEndpointRef(RpcEnv.scala:109)
	at org.apache.spark.deploy.worker.Worker$$anon$1.run(Worker.scala:277)
	at java.util.concurrent.Executors$RunnableAdapter.call(Executors.java:511)
	at java.util.concurrent.FutureTask.run(FutureTask.java:266)
	at java.util.concurrent.ThreadPoolExecutor.runWorker(ThreadPoolExecutor.java:1149)
	at java.util.concurrent.ThreadPoolExecutor$Worker.run(ThreadPoolExecutor.java:624)
	at java.lang.Thread.run(Thread.java:748)
Caused by: java.io.IOException: Failed to connect to master/172.28.1.1:7077
	at org.apache.spark.network.client.TransportClientFactory.createClient(TransportClientFactory.java:253)
	at org.apache.spark.network.client.TransportClientFactory.createClient(TransportClientFactory.java:195)
	at org.apache.spark.rpc.netty.NettyRpcEnv.createClient(NettyRpcEnv.scala:204)
	at org.apache.spark.rpc.netty.Outbox$$anon$1.call(Outbox.scala:202)
	at org.apache.spark.rpc.netty.Outbox$$anon$1.call(Outbox.scala:198)
	... 4 more
Caused by: io.netty.channel.AbstractChannel$AnnotatedConnectException: Connection refused: master/172.28.1.1:7077
Caused by: java.net.ConnectException: Connection refused
	at sun.nio.ch.SocketChannelImpl.checkConnect(Native Method)
	at sun.nio.ch.SocketChannelImpl.finishConnect(SocketChannelImpl.java:716)
	at io.netty.channel.socket.nio.NioSocketChannel.doFinishConnect(NioSocketChannel.java:330)
	at io.netty.channel.nio.AbstractNioChannel$AbstractNioUnsafe.finishConnect(AbstractNioChannel.java:334)
	at io.netty.channel.nio.NioEventLoop.processSelectedKey(NioEventLoop.java:702)
	at io.netty.channel.nio.NioEventLoop.processSelectedKeysOptimized(NioEventLoop.java:650)
	at io.netty.channel.nio.NioEventLoop.processSelectedKeys(NioEventLoop.java:576)
	at io.netty.channel.nio.NioEventLoop.run(NioEventLoop.java:493)
	at io.netty.util.concurrent.SingleThreadEventExecutor$4.run(SingleThreadEventExecutor.java:989)
	at io.netty.util.internal.ThreadExecutorMap$2.run(ThreadExecutorMap.java:74)
	at io.netty.util.concurrent.FastThreadLocalRunnable.run(FastThreadLocalRunnable.java:30)
	at java.lang.Thread.run(Thread.java:748)
2023-12-27 02:53:00,664 INFO worker.Worker: Retrying connection to master (attempt # 1)
2023-12-27 02:53:00,664 INFO worker.Worker: Connecting to master master:7077...
2023-12-27 02:53:00,669 WARN worker.Worker: Failed to connect to master master:7077
org.apache.spark.SparkException: Exception thrown in awaitResult: 
	at org.apache.spark.util.ThreadUtils$.awaitResult(ThreadUtils.scala:302)
	at org.apache.spark.rpc.RpcTimeout.awaitResult(RpcTimeout.scala:75)
	at org.apache.spark.rpc.RpcEnv.setupEndpointRefByURI(RpcEnv.scala:101)
	at org.apache.spark.rpc.RpcEnv.setupEndpointRef(RpcEnv.scala:109)
	at org.apache.spark.deploy.worker.Worker$$anon$1.run(Worker.scala:277)
	at java.util.concurrent.Executors$RunnableAdapter.call(Executors.java:511)
	at java.util.concurrent.FutureTask.run(FutureTask.java:266)
	at java.util.concurrent.ThreadPoolExecutor.runWorker(ThreadPoolExecutor.java:1149)
	at java.util.concurrent.ThreadPoolExecutor$Worker.run(ThreadPoolExecutor.java:624)
	at java.lang.Thread.run(Thread.java:748)
Caused by: java.io.IOException: Failed to connect to master/172.28.1.1:7077
	at org.apache.spark.network.client.TransportClientFactory.createClient(TransportClientFactory.java:253)
	at org.apache.spark.network.client.TransportClientFactory.createClient(TransportClientFactory.java:195)
	at org.apache.spark.rpc.netty.NettyRpcEnv.createClient(NettyRpcEnv.scala:204)
	at org.apache.spark.rpc.netty.Outbox$$anon$1.call(Outbox.scala:202)
	at org.apache.spark.rpc.netty.Outbox$$anon$1.call(Outbox.scala:198)
	... 4 more
Caused by: io.netty.channel.AbstractChannel$AnnotatedConnectException: Connection refused: master/172.28.1.1:7077
Caused by: java.net.ConnectException: Connection refused
	at sun.nio.ch.SocketChannelImpl.checkConnect(Native Method)
	at sun.nio.ch.SocketChannelImpl.finishConnect(SocketChannelImpl.java:716)
	at io.netty.channel.socket.nio.NioSocketChannel.doFinishConnect(NioSocketChannel.java:330)
	at io.netty.channel.nio.AbstractNioChannel$AbstractNioUnsafe.finishConnect(AbstractNioChannel.java:334)
	at io.netty.channel.nio.NioEventLoop.processSelectedKey(NioEventLoop.java:702)
	at io.netty.channel.nio.NioEventLoop.processSelectedKeysOptimized(NioEventLoop.java:650)
	at io.netty.channel.nio.NioEventLoop.processSelectedKeys(NioEventLoop.java:576)
	at io.netty.channel.nio.NioEventLoop.run(NioEventLoop.java:493)
	at io.netty.util.concurrent.SingleThreadEventExecutor$4.run(SingleThreadEventExecutor.java:989)
	at io.netty.util.internal.ThreadExecutorMap$2.run(ThreadExecutorMap.java:74)
	at io.netty.util.concurrent.FastThreadLocalRunnable.run(FastThreadLocalRunnable.java:30)
	at java.lang.Thread.run(Thread.java:748)
2023-12-27 02:53:13,650 INFO worker.Worker: Retrying connection to master (attempt # 2)
2023-12-27 02:53:13,650 INFO worker.Worker: Connecting to master master:7077...
2023-12-27 02:53:13,657 WARN worker.Worker: Failed to connect to master master:7077
org.apache.spark.SparkException: Exception thrown in awaitResult: 
	at org.apache.spark.util.ThreadUtils$.awaitResult(ThreadUtils.scala:302)
	at org.apache.spark.rpc.RpcTimeout.awaitResult(RpcTimeout.scala:75)
	at org.apache.spark.rpc.RpcEnv.setupEndpointRefByURI(RpcEnv.scala:101)
	at org.apache.spark.rpc.RpcEnv.setupEndpointRef(RpcEnv.scala:109)
	at org.apache.spark.deploy.worker.Worker$$anon$1.run(Worker.scala:277)
	at java.util.concurrent.Executors$RunnableAdapter.call(Executors.java:511)
	at java.util.concurrent.FutureTask.run(FutureTask.java:266)
	at java.util.concurrent.ThreadPoolExecutor.runWorker(ThreadPoolExecutor.java:1149)
	at java.util.concurrent.ThreadPoolExecutor$Worker.run(ThreadPoolExecutor.java:624)
	at java.lang.Thread.run(Thread.java:748)
Caused by: java.io.IOException: Failed to connect to master/172.28.1.1:7077
	at org.apache.spark.network.client.TransportClientFactory.createClient(TransportClientFactory.java:253)
	at org.apache.spark.network.client.TransportClientFactory.createClient(TransportClientFactory.java:195)
	at org.apache.spark.rpc.netty.NettyRpcEnv.createClient(NettyRpcEnv.scala:204)
	at org.apache.spark.rpc.netty.Outbox$$anon$1.call(Outbox.scala:202)
	at org.apache.spark.rpc.netty.Outbox$$anon$1.call(Outbox.scala:198)
	... 4 more
Caused by: io.netty.channel.AbstractChannel$AnnotatedConnectException: Connection refused: master/172.28.1.1:7077
Caused by: java.net.ConnectException: Connection refused
	at sun.nio.ch.SocketChannelImpl.checkConnect(Native Method)
	at sun.nio.ch.SocketChannelImpl.finishConnect(SocketChannelImpl.java:716)
	at io.netty.channel.socket.nio.NioSocketChannel.doFinishConnect(NioSocketChannel.java:330)
	at io.netty.channel.nio.AbstractNioChannel$AbstractNioUnsafe.finishConnect(AbstractNioChannel.java:334)
	at io.netty.channel.nio.NioEventLoop.processSelectedKey(NioEventLoop.java:702)
	at io.netty.channel.nio.NioEventLoop.processSelectedKeysOptimized(NioEventLoop.java:650)
	at io.netty.channel.nio.NioEventLoop.processSelectedKeys(NioEventLoop.java:576)
	at io.netty.channel.nio.NioEventLoop.run(NioEventLoop.java:493)
	at io.netty.util.concurrent.SingleThreadEventExecutor$4.run(SingleThreadEventExecutor.java:989)
	at io.netty.util.internal.ThreadExecutorMap$2.run(ThreadExecutorMap.java:74)
	at io.netty.util.concurrent.FastThreadLocalRunnable.run(FastThreadLocalRunnable.java:30)
	at java.lang.Thread.run(Thread.java:748)
2023-12-27 02:53:26,650 INFO worker.Worker: Retrying connection to master (attempt # 3)
2023-12-27 02:53:26,650 INFO worker.Worker: Connecting to master master:7077...
2023-12-27 02:53:26,653 INFO client.TransportClientFactory: Successfully created connection to master/172.28.1.1:7077 after 1 ms (0 ms spent in bootstraps)
2023-12-27 02:53:26,715 INFO worker.Worker: Successfully registered with master spark://master:7077
