Spark Command: /usr/lib/jvm/java-1.8-openjdk/bin/java -cp /usr/program/spark/conf/:/usr/program/spark/jars/*:/usr/program/hadoop/etc/hadoop/:/usr/program/hadoop/share/hadoop/tools/lib/*:/usr/program/hadoop/share/hadoop/common/lib/*:/usr/program/hadoop/share/hadoop/common/*:/usr/program/hadoop/share/hadoop/hdfs/:/usr/program/hadoop/share/hadoop/hdfs/lib/*:/usr/program/hadoop/share/hadoop/hdfs/*:/usr/program/hadoop/share/hadoop/mapreduce/lib/*:/usr/program/hadoop/share/hadoop/mapreduce/*:/usr/program/hadoop/share/hadoop/yarn/:/usr/program/hadoop/share/hadoop/yarn/lib/*:/usr/program/hadoop/share/hadoop/yarn/* -Xmx1g org.apache.spark.deploy.master.Master --host 172.28.1.1 --port 7077 --webui-port 8080 -h master
========================================
SLF4J: Class path contains multiple SLF4J bindings.
SLF4J: Found binding in [jar:file:/usr/program/spark/jars/slf4j-log4j12-1.7.30.jar!/org/slf4j/impl/StaticLoggerBinder.class]
SLF4J: Found binding in [jar:file:/usr/program/hadoop/share/hadoop/common/lib/slf4j-log4j12-1.7.25.jar!/org/slf4j/impl/StaticLoggerBinder.class]
SLF4J: See http://www.slf4j.org/codes.html#multiple_bindings for an explanation.
SLF4J: Actual binding is of type [org.slf4j.impl.Log4jLoggerFactory]
2023-12-27 02:53:16,382 INFO master.Master: Started daemon with process name: 1259@master
2023-12-27 02:53:16,440 INFO util.SignalUtils: Registered signal handler for TERM
2023-12-27 02:53:16,441 INFO util.SignalUtils: Registered signal handler for HUP
2023-12-27 02:53:16,441 INFO util.SignalUtils: Registered signal handler for INT
2023-12-27 02:53:17,081 WARN util.NativeCodeLoader: Unable to load native-hadoop library for your platform... using builtin-java classes where applicable
2023-12-27 02:53:17,348 INFO spark.SecurityManager: Changing view acls to: root
2023-12-27 02:53:17,349 INFO spark.SecurityManager: Changing modify acls to: root
2023-12-27 02:53:17,349 INFO spark.SecurityManager: Changing view acls groups to: 
2023-12-27 02:53:17,350 INFO spark.SecurityManager: Changing modify acls groups to: 
2023-12-27 02:53:17,351 INFO spark.SecurityManager: SecurityManager: authentication disabled; ui acls disabled; users  with view permissions: Set(root); groups with view permissions: Set(); users  with modify permissions: Set(root); groups with modify permissions: Set()
2023-12-27 02:53:18,419 INFO util.Utils: Successfully started service 'sparkMaster' on port 7077.
2023-12-27 02:53:18,490 INFO master.Master: Starting Spark master at spark://master:7077
2023-12-27 02:53:18,502 INFO master.Master: Running Spark version 3.0.0
2023-12-27 02:53:18,602 INFO util.log: Logging initialized @3853ms to org.sparkproject.jetty.util.log.Slf4jLog
2023-12-27 02:53:18,695 INFO server.Server: jetty-9.4.z-SNAPSHOT; built: 2019-04-29T20:42:08.989Z; git: e1bc35120a6617ee3df052294e433f3a25ce7097; jvm 1.8.0_275-b01
2023-12-27 02:53:18,759 INFO server.Server: Started @4010ms
2023-12-27 02:53:18,814 INFO server.AbstractConnector: Started ServerConnector@7dff0a12{HTTP/1.1,[http/1.1]}{172.28.1.1:8080}
2023-12-27 02:53:18,814 INFO util.Utils: Successfully started service 'MasterUI' on port 8080.
2023-12-27 02:53:18,872 INFO handler.ContextHandler: Started o.s.j.s.ServletContextHandler@461180c1{/app,null,AVAILABLE,@Spark}
2023-12-27 02:53:18,877 INFO handler.ContextHandler: Started o.s.j.s.ServletContextHandler@3542b37b{/app/json,null,AVAILABLE,@Spark}
2023-12-27 02:53:18,879 INFO handler.ContextHandler: Started o.s.j.s.ServletContextHandler@247479f2{/,null,AVAILABLE,@Spark}
2023-12-27 02:53:18,894 INFO handler.ContextHandler: Started o.s.j.s.ServletContextHandler@b6ed9d3{/json,null,AVAILABLE,@Spark}
2023-12-27 02:53:18,918 INFO handler.ContextHandler: Started o.s.j.s.ServletContextHandler@66d55e8b{/static,null,AVAILABLE,@Spark}
2023-12-27 02:53:18,921 INFO handler.ContextHandler: Started o.s.j.s.ServletContextHandler@64f65c64{/app/kill,null,AVAILABLE,@Spark}
2023-12-27 02:53:18,924 INFO handler.ContextHandler: Started o.s.j.s.ServletContextHandler@1b55ab96{/driver/kill,null,AVAILABLE,@Spark}
2023-12-27 02:53:18,928 INFO ui.MasterWebUI: Bound MasterWebUI to 172.28.1.1, and started at http://localhost:8080
2023-12-27 02:53:19,602 INFO handler.ContextHandler: Started o.s.j.s.ServletContextHandler@5919c1c0{/metrics/master/json,null,AVAILABLE,@Spark}
2023-12-27 02:53:19,604 INFO handler.ContextHandler: Started o.s.j.s.ServletContextHandler@65db10c3{/metrics/applications/json,null,AVAILABLE,@Spark}
2023-12-27 02:53:19,651 INFO master.Master: Registering worker worker2:8882 with 4 cores, 14.5 GiB RAM
2023-12-27 02:53:19,656 INFO master.Master: I have been elected leader! New state: ALIVE
2023-12-27 02:53:25,102 INFO master.Master: Registering worker worker2:8882 with 4 cores, 14.5 GiB RAM
2023-12-27 02:53:26,705 INFO master.Master: Registering worker worker1:8881 with 4 cores, 14.5 GiB RAM
