Spark Command: /usr/lib/jvm/java-1.8-openjdk/bin/java -cp /usr/program/spark/conf/:/usr/program/spark/jars/*:/usr/program/hadoop/etc/hadoop/:/usr/program/hadoop/share/hadoop/tools/lib/*:/usr/program/hadoop/share/hadoop/common/lib/*:/usr/program/hadoop/share/hadoop/common/*:/usr/program/hadoop/share/hadoop/hdfs/:/usr/program/hadoop/share/hadoop/hdfs/lib/*:/usr/program/hadoop/share/hadoop/hdfs/*:/usr/program/hadoop/share/hadoop/mapreduce/lib/*:/usr/program/hadoop/share/hadoop/mapreduce/*:/usr/program/hadoop/share/hadoop/yarn/:/usr/program/hadoop/share/hadoop/yarn/lib/*:/usr/program/hadoop/share/hadoop/yarn/* -Xmx1g org.apache.spark.deploy.history.HistoryServer
========================================
SLF4J: Class path contains multiple SLF4J bindings.
SLF4J: Found binding in [jar:file:/usr/program/spark/jars/slf4j-log4j12-1.7.30.jar!/org/slf4j/impl/StaticLoggerBinder.class]
SLF4J: Found binding in [jar:file:/usr/program/hadoop/share/hadoop/common/lib/slf4j-log4j12-1.7.25.jar!/org/slf4j/impl/StaticLoggerBinder.class]
SLF4J: See http://www.slf4j.org/codes.html#multiple_bindings for an explanation.
SLF4J: Actual binding is of type [org.slf4j.impl.Log4jLoggerFactory]
2023-12-27 02:53:16,429 INFO history.HistoryServer: Started daemon with process name: 1270@master
2023-12-27 02:53:16,452 INFO util.SignalUtils: Registered signal handler for TERM
2023-12-27 02:53:16,453 INFO util.SignalUtils: Registered signal handler for HUP
2023-12-27 02:53:16,453 INFO util.SignalUtils: Registered signal handler for INT
2023-12-27 02:53:17,182 WARN util.NativeCodeLoader: Unable to load native-hadoop library for your platform... using builtin-java classes where applicable
2023-12-27 02:53:17,316 INFO spark.SecurityManager: Changing view acls to: root
2023-12-27 02:53:17,317 INFO spark.SecurityManager: Changing modify acls to: root
2023-12-27 02:53:17,317 INFO spark.SecurityManager: Changing view acls groups to: 
2023-12-27 02:53:17,318 INFO spark.SecurityManager: Changing modify acls groups to: 
2023-12-27 02:53:17,318 INFO spark.SecurityManager: SecurityManager: authentication disabled; ui acls disabled; users  with view permissions: Set(root); groups with view permissions: Set(); users  with modify permissions: Set(root); groups with modify permissions: Set()
2023-12-27 02:53:17,576 INFO history.FsHistoryProvider: History server ui acls disabled; users with admin permissions: ; groups with admin permissions
2023-12-27 02:53:17,801 INFO Configuration.deprecation: No unit for dfs.client.datanode-restart.timeout(30) assuming SECONDS
2023-12-27 02:53:18,873 INFO util.log: Logging initialized @4098ms to org.sparkproject.jetty.util.log.Slf4jLog
2023-12-27 02:53:18,953 INFO server.Server: jetty-9.4.z-SNAPSHOT; built: 2019-04-29T20:42:08.989Z; git: e1bc35120a6617ee3df052294e433f3a25ce7097; jvm 1.8.0_275-b01
2023-12-27 02:53:19,069 INFO server.Server: Started @4296ms
2023-12-27 02:53:19,227 INFO server.AbstractConnector: Started ServerConnector@5949eba8{HTTP/1.1,[http/1.1]}{172.28.1.1:18080}
2023-12-27 02:53:19,228 INFO util.Utils: Successfully started service on port 18080.
2023-12-27 02:53:19,288 INFO handler.ContextHandler: Started o.s.j.s.ServletContextHandler@3fabf088{/,null,AVAILABLE,@Spark}
2023-12-27 02:53:19,298 INFO handler.ContextHandler: Started o.s.j.s.ServletContextHandler@4acf72b6{/json,null,AVAILABLE,@Spark}
2023-12-27 02:53:19,299 INFO handler.ContextHandler: Started o.s.j.s.ServletContextHandler@3301500b{/api,null,AVAILABLE,@Spark}
2023-12-27 02:53:19,319 INFO handler.ContextHandler: Started o.s.j.s.ServletContextHandler@36dce7ed{/static,null,AVAILABLE,@Spark}
2023-12-27 02:53:19,320 INFO handler.ContextHandler: Started o.s.j.s.ServletContextHandler@13c612bd{/history,null,AVAILABLE,@Spark}
2023-12-27 02:53:19,330 INFO history.HistoryServer: Bound HistoryServer to 172.28.1.1, and started at http://localhost:18080
