Wed Dec 27 10:49:32 CST 2023 Starting regionserver on worker2
core file size          (blocks, -c) unlimited
data seg size           (kbytes, -d) unlimited
scheduling priority             (-e) 0
file size               (blocks, -f) unlimited
pending signals                 (-i) 62919
max locked memory       (kbytes, -l) 64
max memory size         (kbytes, -m) unlimited
open files                      (-n) 1048576
pipe size            (512 bytes, -p) 8
POSIX message queues     (bytes, -q) 819200
real-time priority              (-r) 0
stack size              (kbytes, -s) 8192
cpu time               (seconds, -t) unlimited
max user processes              (-u) unlimited
virtual memory          (kbytes, -v) unlimited
file locks                      (-x) unlimited
2023-12-27 02:49:36,004 INFO  [main] regionserver.HRegionServer: STARTING executorService HRegionServer
2023-12-27 02:49:36,042 INFO  [main] util.VersionInfo: HBase 2.3.6
2023-12-27 02:49:36,042 INFO  [main] util.VersionInfo: Source code repository git://7257be94c61e/home/stack/hbase-rm/output/hbase revision=7414579f2620fca6b75146c29ab2726fc4643ac9
2023-12-27 02:49:36,046 INFO  [main] util.VersionInfo: Compiled by stack on Wed Jul 28 22:24:42 UTC 2021
2023-12-27 02:49:36,046 INFO  [main] util.VersionInfo: From source with checksum eb11554aeb325ccaf65a9b469efe7ddcdc0bb0eec35a53f77d0c5c09eac5722007a05ef62349c7afb8005ed1abe32e772f99bb2137194641f5ce51d525aa5634
2023-12-27 02:49:37,770 INFO  [main] util.ServerCommandLine: hbase.tmp.dir: /tmp/hbase-root
2023-12-27 02:49:37,805 INFO  [main] util.ServerCommandLine: hbase.rootdir: hdfs://master:9000/hbase
2023-12-27 02:49:37,805 INFO  [main] util.ServerCommandLine: hbase.cluster.distributed: true
2023-12-27 02:49:37,805 INFO  [main] util.ServerCommandLine: hbase.zookeeper.quorum: zoo1,zoo2,zoo3
2023-12-27 02:49:37,806 INFO  [main] util.ServerCommandLine: env:PATH=/usr/local/sbin:/usr/local/bin:/usr/sbin:/usr/bin:/sbin:/bin:/usr/lib/jvm/java-1.8-openjdk/bin:/usr/program/hadoop/bin:/usr/program/hadoop/sbin:/usr/program/hive/bin:/usr/program/hbase/bin:/usr/program/spark/bin
2023-12-27 02:49:37,818 INFO  [main] util.ServerCommandLine: env:HADOOP_CONF_DIR=/usr/program/hadoop/etc/hadoop
2023-12-27 02:49:37,819 INFO  [main] util.ServerCommandLine: env:ZK_VERSION=3.6.3
2023-12-27 02:49:37,819 INFO  [main] util.ServerCommandLine: env:ZK_PACKAGE=apache-zookeeper-3.6.3-bin.tar.gz
2023-12-27 02:49:37,819 INFO  [main] util.ServerCommandLine: env:ROOT_PWD=123456
2023-12-27 02:49:37,819 INFO  [main] util.ServerCommandLine: env:USR_PROGRAM_DIR=/usr/program
2023-12-27 02:49:37,819 INFO  [main] util.ServerCommandLine: env:HBASE_CONF_DIR=/usr/program/hbase/conf/
2023-12-27 02:49:37,819 INFO  [main] util.ServerCommandLine: env:HADOOP_NNAMENADE_HOSTNAME=master
2023-12-27 02:49:37,819 INFO  [main] util.ServerCommandLine: env:YARN_NODEMANAGER_USER=root
2023-12-27 02:49:37,819 INFO  [main] util.ServerCommandLine: env:LD_LIBRARY_PATH=/usr/lib/jvm/java-1.8-openjdk/jre/lib/amd64/server:/usr/lib/jvm/java-1.8-openjdk/jre/lib/amd64:/usr/lib/jvm/java-1.8-openjdk/jre/../lib/amd64:/usr/program/hadoop/lib/native:
2023-12-27 02:49:37,819 INFO  [main] util.ServerCommandLine: env:JVM_PID=206
2023-12-27 02:49:37,819 INFO  [main] util.ServerCommandLine: env:HBASE_REST_OPTS=
2023-12-27 02:49:37,819 INFO  [main] util.ServerCommandLine: env:HIVE_LOG_DIR=/usr/program/hive/logs
2023-12-27 02:49:37,819 INFO  [main] util.ServerCommandLine: env:PWD=/usr/program
2023-12-27 02:49:37,819 INFO  [main] util.ServerCommandLine: env:SPARK_MASTER_ADDRESS=spark://master:7077
2023-12-27 02:49:37,820 INFO  [main] util.ServerCommandLine: env:ZOO_SERVERS_HOSTNAME=zoo1 zoo2 zoo3
2023-12-27 02:49:37,820 INFO  [main] util.ServerCommandLine: env:HBASE_ROOT_LOGGER=INFO,RFA
2023-12-27 02:49:37,820 INFO  [main] util.ServerCommandLine: env:PIP_DISABLE_PIP_VERSION_CHECK=1
2023-12-27 02:49:37,820 INFO  [main] util.ServerCommandLine: env:HBASE_ENV_INIT=true
2023-12-27 02:49:37,820 INFO  [main] util.ServerCommandLine: env:HIVE_HOME=/usr/program/hive
2023-12-27 02:49:37,820 INFO  [main] util.ServerCommandLine: env:HBASE_MANAGES_ZK=false
2023-12-27 02:49:37,820 INFO  [main] util.ServerCommandLine: env:SPARK_CONF_DIR=/usr/program/spark/conf
2023-12-27 02:49:37,820 INFO  [main] util.ServerCommandLine: env:SED=sed
2023-12-27 02:49:37,821 INFO  [main] util.ServerCommandLine: env:HADOOP_SERVERS_HOSTNAME=master worker1 worker2
2023-12-27 02:49:37,821 INFO  [main] util.ServerCommandLine: env:HADOOP_HOME=/usr/program/hadoop
2023-12-27 02:49:37,821 INFO  [main] util.ServerCommandLine: env:HBASE_NICENESS=0
2023-12-27 02:49:37,821 INFO  [main] util.ServerCommandLine: env:HBASE_PACKAGE=hbase-2.3.6-bin.tar.gz
2023-12-27 02:49:37,821 INFO  [main] util.ServerCommandLine: env:HADOOP_PACKAGE=hadoop-3.2.3.tar.gz
2023-12-27 02:49:37,821 INFO  [main] util.ServerCommandLine: env:HBASE_SECURITY_LOGGER=INFO,RFAS
2023-12-27 02:49:37,821 INFO  [main] util.ServerCommandLine: env:HBASE_OPTS=-XX:+UseConcMarkSweepGC -Djava.util.logging.config.class=org.apache.hadoop.hbase.logging.JulToSlf4jInitializer   -Dhbase.log.dir=/usr/program/hbase/logs -Dhbase.log.file=hbase--regionserver-worker2.log -Dhbase.home.dir=/usr/program/hbase -Dhbase.id.str= -Dhbase.root.logger=INFO,RFA -Dhbase.security.logger=INFO,RFAS
2023-12-27 02:49:37,821 INFO  [main] util.ServerCommandLine: env:HDFS_DATANODE_USER=root
2023-12-27 02:49:37,821 INFO  [main] util.ServerCommandLine: env:SHLVL=1
2023-12-27 02:49:37,821 INFO  [main] util.ServerCommandLine: env:SPARK_LOG_DIR=/usr/program/spark/logs
2023-12-27 02:49:37,821 INFO  [main] util.ServerCommandLine: env:HBASE_LOGFILE=hbase--regionserver-worker2.log
2023-12-27 02:49:37,821 INFO  [main] util.ServerCommandLine: env:HBASE_REGIONSERVER_HOSTNAME=worker1 worker2
2023-12-27 02:49:37,821 INFO  [main] util.ServerCommandLine: env:SPARK_VERSION=3.0.0
2023-12-27 02:49:37,821 INFO  [main] util.ServerCommandLine: env:SPARK_PACKAGE=spark-3.0.0-bin-hadoop3.2.tgz
2023-12-27 02:49:37,821 INFO  [main] util.ServerCommandLine: env:JAVA_HOME=/usr/lib/jvm/java-1.8-openjdk
2023-12-27 02:49:37,822 INFO  [main] util.ServerCommandLine: env:SPARK_LOCAL_HOSTNAME=worker2
2023-12-27 02:49:37,822 INFO  [main] util.ServerCommandLine: env:ZK_CONF_DIR=/usr/program/zookeeper/conf
2023-12-27 02:49:37,822 INFO  [main] util.ServerCommandLine: env:HADOOP_NODE=datanode
2023-12-27 02:49:37,822 INFO  [main] util.ServerCommandLine: env:SPARK_LOCAL_IP=172.28.1.3
2023-12-27 02:49:37,822 INFO  [main] util.ServerCommandLine: env:YARN_RESOURCEMANAGER_USER=root
2023-12-27 02:49:37,823 INFO  [main] util.ServerCommandLine: env:HADOOP_CLASSPATH=/usr/program/hadoop/share/hadoop/tools/lib/*:/usr/program/hive/lib/*
2023-12-27 02:49:37,823 INFO  [main] util.ServerCommandLine: env:SPARK_HOME=/usr/program/spark
2023-12-27 02:49:37,823 INFO  [main] util.ServerCommandLine: env:USR_BIN_DIR=/usr/program/source_dir
2023-12-27 02:49:37,823 INFO  [main] util.ServerCommandLine: env:HADOOP_VERSION=3.2.3
2023-12-27 02:49:37,823 INFO  [main] util.ServerCommandLine: env:HBASE_VERSION=2.3.6
2023-12-27 02:49:37,823 INFO  [main] util.ServerCommandLine: env:HADOOP_MAPRED_HOME=/usr/program/hadoop
2023-12-27 02:49:37,823 INFO  [main] util.ServerCommandLine: env:HADOOP_DATANODE_UI_PORT=9865
2023-12-27 02:49:37,823 INFO  [main] util.ServerCommandLine: env:HIVE_PACKAGE=apache-hive-3.1.2-bin.tar.gz
2023-12-27 02:49:37,823 INFO  [main] util.ServerCommandLine: env:HADOOP_COMMON_HOME=/usr/program/hadoop
2023-12-27 02:49:37,823 INFO  [main] util.ServerCommandLine: env:PYTHONHASHSEED=0
2023-12-27 02:49:37,823 INFO  [main] util.ServerCommandLine: env:HBASE_ROLE=regionserver thrift
2023-12-27 02:49:37,823 INFO  [main] util.ServerCommandLine: env:HIVE_CONF_DIR=/usr/program/hive/conf
2023-12-27 02:49:37,823 INFO  [main] util.ServerCommandLine: env:HBASE_DISABLE_HADOOP_CLASSPATH_LOOKUP=true
2023-12-27 02:49:37,823 INFO  [main] util.ServerCommandLine: env:ZK_HOME=/usr/program/zookeeper
2023-12-27 02:49:37,823 INFO  [main] util.ServerCommandLine: env:PYTHONIOENCODING=UTF-8
2023-12-27 02:49:37,823 INFO  [main] util.ServerCommandLine: env:HBASE_IDENT_STRING=
2023-12-27 02:49:37,823 INFO  [main] util.ServerCommandLine: env:SPARK_DIST_CLASSPATH=/usr/program/hadoop/etc/hadoop:/usr/program/hadoop/share/hadoop/tools/lib/*:/usr/program/hadoop/share/hadoop/common/lib/*:/usr/program/hadoop/share/hadoop/common/*:/usr/program/hadoop/share/hadoop/hdfs:/usr/program/hadoop/share/hadoop/hdfs/lib/*:/usr/program/hadoop/share/hadoop/hdfs/*:/usr/program/hadoop/share/hadoop/mapreduce/lib/*:/usr/program/hadoop/share/hadoop/mapreduce/*:/usr/program/hadoop/share/hadoop/yarn:/usr/program/hadoop/share/hadoop/yarn/lib/*:/usr/program/hadoop/share/hadoop/yarn/*
2023-12-27 02:49:37,823 INFO  [main] util.ServerCommandLine: env:HBASE_ZNODE_FILE=/tmp/hbase--regionserver.znode
2023-12-27 02:49:37,823 INFO  [main] util.ServerCommandLine: env:HBASE_MASTER_HOSTNAME=master
2023-12-27 02:49:37,824 INFO  [main] util.ServerCommandLine: env:HBASE_LOG_PREFIX=hbase--regionserver-worker2
2023-12-27 02:49:37,824 INFO  [main] util.ServerCommandLine: env:HBASE_LOG_DIR=/usr/program/hbase/logs
2023-12-27 02:49:37,824 INFO  [main] util.ServerCommandLine: ttp-2.7.5.jar:/usr/program/hbase/lib/okio-1.6.0.jar:/usr/program/hbase/lib/osgi-resource-locator-1.0.1.jar:/usr/program/hbase/lib/paranamer-2.3.jar:/usr/program/hbase/lib/protobuf-java-2.5.0.jar:/usr/program/hbase/lib/snappy-java-1.0.5.jar:/usr/program/hbase/lib/spymemcached-2.12.2.jar:/usr/program/hbase/lib/stax2-api-3.1.4.jar:/usr/program/hbase/lib/validation-api-1.1.0.Final.jar:/usr/program/hbase/lib/woodstox-core-5.0.3.jar:/usr/program/hbase/lib/xmlenc-0.52.jar:/usr/program/hbase/lib/zookeeper-3.5.7.jar:/usr/program/hbase/lib/zookeeper-jute-3.5.7.jar:/usr/program/hbase/lib/client-facing-thirdparty/audience-annotations-0.5.0.jar:/usr/program/hbase/lib/client-facing-thirdparty/commons-logging-1.2.jar:/usr/program/hbase/lib/client-facing-thirdparty/htrace-core4-4.2.0-incubating.jar:/usr/program/hbase/lib/client-facing-thirdparty/log4j-1.2.17.jar:/usr/program/hbase/lib/client-facing-thirdparty/slf4j-api-1.7.30.jar:/usr/program/hbase/lib/client-facing-thirdparty/slf4j-log4j12-1.7.30.jar
2023-12-27 02:49:37,824 INFO  [main] util.ServerCommandLine: env:HDFS_NAMENODE_USER=root
2023-12-27 02:49:37,824 INFO  [main] util.ServerCommandLine: env:SPARK_MASTER_HOST=172.28.1.1
2023-12-27 02:49:37,824 INFO  [main] util.ServerCommandLine: env:HIVE_VERSION=3.1.2
2023-12-27 02:49:37,824 INFO  [main] util.ServerCommandLine: env:HBASE_AUTOSTART_FILE=/tmp/hbase--regionserver.autostart
2023-12-27 02:49:37,824 INFO  [main] util.ServerCommandLine: env:HOSTNAME=worker2
2023-12-27 02:49:37,824 INFO  [main] util.ServerCommandLine: env:GREP=grep
2023-12-27 02:49:37,824 INFO  [main] util.ServerCommandLine: env:SPARK_HADOOP_VERSION=3.2
2023-12-27 02:49:37,824 INFO  [main] util.ServerCommandLine: env:HADOOP_LOG_DIR=/usr/program/hadoop/logs
2023-12-27 02:49:37,824 INFO  [main] util.ServerCommandLine: env:SPARK_PUBLIC_DNS=localhost
2023-12-27 02:49:37,827 INFO  [main] util.ServerCommandLine: env:SPARK_WORKER_PORT=8882
2023-12-27 02:49:37,827 INFO  [main] util.ServerCommandLine: env:HBASE_HOME=/usr/program/hbase
2023-12-27 02:49:37,827 INFO  [main] util.ServerCommandLine: env:HBASE_THRIFT_OPTS=
2023-12-27 02:49:37,827 INFO  [main] util.ServerCommandLine: env:HDFS_SECONDARYNAMENODE_USER=root
2023-12-27 02:49:37,827 INFO  [main] util.ServerCommandLine: env:HOME=/root
2023-12-27 02:49:37,827 INFO  [main] util.ServerCommandLine: env:SPARK_WORKER_WEBUI_PORT=8982
2023-12-27 02:49:37,828 INFO  [main] util.ServerCommandLine: env:MALLOC_ARENA_MAX=4
2023-12-27 02:49:37,829 INFO  [main] util.ServerCommandLine: vmName=OpenJDK 64-Bit Server VM, vmVendor=IcedTea, vmVersion=25.275-b01
2023-12-27 02:49:37,846 INFO  [main] util.ServerCommandLine: vmInputArguments=[-Dproc_regionserver, -XX:OnOutOfMemoryError=kill -9 %p, -XX:+UseConcMarkSweepGC, -Djava.util.logging.config.class=org.apache.hadoop.hbase.logging.JulToSlf4jInitializer, -Dhbase.log.dir=/usr/program/hbase/logs, -Dhbase.log.file=hbase--regionserver-worker2.log, -Dhbase.home.dir=/usr/program/hbase, -Dhbase.id.str=, -Dhbase.root.logger=INFO,RFA, -Dhbase.security.logger=INFO,RFAS]
2023-12-27 02:49:39,948 INFO  [main] metrics.MetricRegistries: Loaded MetricRegistries class org.apache.hadoop.hbase.metrics.impl.MetricRegistriesImpl
2023-12-27 02:49:40,091 WARN  [main] util.NativeCodeLoader: Unable to load native-hadoop library for your platform... using builtin-java classes where applicable
2023-12-27 02:49:41,163 INFO  [main] regionserver.RSRpcServices: regionserver/worker2:16020 server-side Connection retries=45
2023-12-27 02:49:41,295 INFO  [main] ipc.RpcExecutor: Instantiated default.FPBQ.Fifo with queueClass=class java.util.concurrent.LinkedBlockingQueue; numCallQueues=3, maxQueueLength=300, handlerCount=30
2023-12-27 02:49:41,337 INFO  [main] ipc.RpcExecutor: Instantiated priority.RWQ.Fifo with queueClass=class java.util.concurrent.LinkedBlockingQueue; numCallQueues=2, maxQueueLength=300, handlerCount=20
2023-12-27 02:49:41,338 INFO  [main] ipc.RWQueueRpcExecutor: priority.RWQ.Fifo writeQueues=1 writeHandlers=2 readQueues=1 readHandlers=18 scanQueues=0 scanHandlers=0
2023-12-27 02:49:41,338 INFO  [main] ipc.RpcExecutor: Instantiated replication.FPBQ.Fifo with queueClass=class java.util.concurrent.LinkedBlockingQueue; numCallQueues=1, maxQueueLength=300, handlerCount=3
2023-12-27 02:49:41,338 INFO  [main] ipc.RpcExecutor: Instantiated metaPriority.FPBQ.Fifo with queueClass=class java.util.concurrent.LinkedBlockingQueue; numCallQueues=1, maxQueueLength=300, handlerCount=1
2023-12-27 02:49:42,198 INFO  [main] ipc.RpcServerFactory: Creating org.apache.hadoop.hbase.ipc.NettyRpcServer hosting hbase.pb.ClientService, hbase.pb.AdminService
2023-12-27 02:49:42,498 INFO  [main] Configuration.deprecation: hbase.ipc.server.reservoir.initial.buffer.size is deprecated. Instead, use hbase.server.allocator.buffer.size
2023-12-27 02:49:42,500 INFO  [main] Configuration.deprecation: hbase.ipc.server.reservoir.initial.max is deprecated. Instead, use hbase.server.allocator.max.buffer.count
2023-12-27 02:49:43,502 INFO  [main] ipc.NettyRpcServer: Bind to /172.28.1.3:16020
2023-12-27 02:49:43,698 INFO  [main] Configuration.deprecation: hbase.offheapcache.minblocksize is deprecated. Instead, use hbase.blockcache.minblocksize
2023-12-27 02:49:43,699 INFO  [main] hfile.BlockCacheFactory: Allocating BlockCache size=1.54 GB, blockSize=64 KB
2023-12-27 02:49:46,356 INFO  [main] fs.HFileSystem: Added intercepting call to namenode#getBlockLocations so can do block reordering using class org.apache.hadoop.hbase.fs.HFileSystem$ReorderWALBlocks
2023-12-27 02:49:46,362 INFO  [main] fs.HFileSystem: Added intercepting call to namenode#getBlockLocations so can do block reordering using class org.apache.hadoop.hbase.fs.HFileSystem$ReorderWALBlocks
2023-12-27 02:49:46,427 INFO  [main] zookeeper.RecoverableZooKeeper: Process identifier=regionserver:16020 connecting to ZooKeeper ensemble=zoo1:2181,zoo2:2181,zoo3:2181
2023-12-27 02:49:46,454 INFO  [main] zookeeper.ZooKeeper: Client environment:zookeeper.version=3.5.7-f0fdd52973d373ffd9c86b81d99842dc2c7f660e, built on 02/10/2020 11:30 GMT
2023-12-27 02:49:46,457 INFO  [main] zookeeper.ZooKeeper: Client environment:host.name=worker2
2023-12-27 02:49:46,458 INFO  [main] zookeeper.ZooKeeper: Client environment:java.version=1.8.0_275
2023-12-27 02:49:46,458 INFO  [main] zookeeper.ZooKeeper: Client environment:java.vendor=IcedTea
2023-12-27 02:49:46,458 INFO  [main] zookeeper.ZooKeeper: Client environment:java.home=/usr/lib/jvm/java-1.8-openjdk/jre
2023-12-27 02:49:46,458 INFO  [main] zookeeper.ZooKeeper: ttp-2.7.5.jar:/usr/program/hbase/lib/okio-1.6.0.jar:/usr/program/hbase/lib/osgi-resource-locator-1.0.1.jar:/usr/program/hbase/lib/paranamer-2.3.jar:/usr/program/hbase/lib/protobuf-java-2.5.0.jar:/usr/program/hbase/lib/snappy-java-1.0.5.jar:/usr/program/hbase/lib/spymemcached-2.12.2.jar:/usr/program/hbase/lib/stax2-api-3.1.4.jar:/usr/program/hbase/lib/validation-api-1.1.0.Final.jar:/usr/program/hbase/lib/woodstox-core-5.0.3.jar:/usr/program/hbase/lib/xmlenc-0.52.jar:/usr/program/hbase/lib/zookeeper-3.5.7.jar:/usr/program/hbase/lib/zookeeper-jute-3.5.7.jar:/usr/program/hbase/lib/client-facing-thirdparty/audience-annotations-0.5.0.jar:/usr/program/hbase/lib/client-facing-thirdparty/commons-logging-1.2.jar:/usr/program/hbase/lib/client-facing-thirdparty/htrace-core4-4.2.0-incubating.jar:/usr/program/hbase/lib/client-facing-thirdparty/log4j-1.2.17.jar:/usr/program/hbase/lib/client-facing-thirdparty/slf4j-api-1.7.30.jar:/usr/program/hbase/lib/client-facing-thirdparty/slf4j-log4j12-1.7.30.jar
2023-12-27 02:49:46,458 INFO  [main] zookeeper.ZooKeeper: Client environment:java.library.path=/usr/lib/jvm/java-1.8-openjdk/jre/lib/amd64/server:/usr/lib/jvm/java-1.8-openjdk/jre/lib/amd64:/usr/lib/jvm/java-1.8-openjdk/jre/../lib/amd64:/usr/program/hadoop/lib/native::/usr/java/packages/lib/amd64:/usr/lib64:/lib64:/lib:/usr/lib
2023-12-27 02:49:46,458 INFO  [main] zookeeper.ZooKeeper: Client environment:java.io.tmpdir=/tmp
2023-12-27 02:49:46,458 INFO  [main] zookeeper.ZooKeeper: Client environment:java.compiler=<NA>
2023-12-27 02:49:46,458 INFO  [main] zookeeper.ZooKeeper: Client environment:os.name=Linux
2023-12-27 02:49:46,458 INFO  [main] zookeeper.ZooKeeper: Client environment:os.arch=amd64
2023-12-27 02:49:46,458 INFO  [main] zookeeper.ZooKeeper: Client environment:os.version=5.15.0-91-generic
2023-12-27 02:49:46,459 INFO  [main] zookeeper.ZooKeeper: Client environment:user.name=root
2023-12-27 02:49:46,461 INFO  [main] zookeeper.ZooKeeper: Client environment:user.home=/root
2023-12-27 02:49:46,462 INFO  [main] zookeeper.ZooKeeper: Client environment:user.dir=/usr/program
2023-12-27 02:49:46,462 INFO  [main] zookeeper.ZooKeeper: Client environment:os.memory.free=180MB
2023-12-27 02:49:46,462 INFO  [main] zookeeper.ZooKeeper: Client environment:os.memory.max=3932MB
2023-12-27 02:49:46,462 INFO  [main] zookeeper.ZooKeeper: Client environment:os.memory.total=239MB
2023-12-27 02:49:46,495 INFO  [main] zookeeper.ZooKeeper: Initiating client connection, connectString=zoo1:2181,zoo2:2181,zoo3:2181 sessionTimeout=90000 watcher=org.apache.hadoop.hbase.zookeeper.PendingWatcher@6d64b553
2023-12-27 02:49:46,510 INFO  [main] common.X509Util: Setting -D jdk.tls.rejectClientInitiatedRenegotiation=true to disable client-initiated TLS renegotiation
2023-12-27 02:49:46,516 INFO  [main] zookeeper.ClientCnxnSocket: jute.maxbuffer value is 4194304 Bytes
2023-12-27 02:49:46,524 INFO  [main] zookeeper.ClientCnxn: zookeeper.request.timeout value is 0. feature enabled=
2023-12-27 02:49:46,589 INFO  [main-SendThread(zoo1:2181)] zookeeper.ClientCnxn: Opening socket connection to server zoo1/172.28.1.11:2181. Will not attempt to authenticate using SASL (unknown error)
2023-12-27 02:49:46,599 INFO  [main-SendThread(zoo1:2181)] zookeeper.ClientCnxn: Socket connection established, initiating session, client: /172.28.1.3:48278, server: zoo1/172.28.1.11:2181
2023-12-27 02:49:46,611 INFO  [main-SendThread(zoo1:2181)] zookeeper.ClientCnxn: Session establishment complete on server zoo1/172.28.1.11:2181, sessionid = 0x100003870860001, negotiated timeout = 40000
2023-12-27 02:49:46,966 INFO  [main] util.log: Logging initialized @13249ms
2023-12-27 02:49:47,135 INFO  [main] http.HttpServer: Added global filter 'safety' (class=org.apache.hadoop.hbase.http.HttpServer$QuotingInputFilter)
2023-12-27 02:49:47,135 INFO  [main] http.HttpServer: Added global filter 'clickjackingprevention' (class=org.apache.hadoop.hbase.http.ClickjackingPreventionFilter)
2023-12-27 02:49:47,136 INFO  [main] http.HttpServer: Added global filter 'securityheaders' (class=org.apache.hadoop.hbase.http.SecurityHeadersFilter)
2023-12-27 02:49:47,137 INFO  [main] http.HttpServer: Added filter static_user_filter (class=org.apache.hadoop.hbase.http.lib.StaticUserWebFilter$StaticUserFilter) to context regionserver
2023-12-27 02:49:47,137 INFO  [main] http.HttpServer: Added filter static_user_filter (class=org.apache.hadoop.hbase.http.lib.StaticUserWebFilter$StaticUserFilter) to context logs
2023-12-27 02:49:47,137 INFO  [main] http.HttpServer: Added filter static_user_filter (class=org.apache.hadoop.hbase.http.lib.StaticUserWebFilter$StaticUserFilter) to context static
2023-12-27 02:49:47,145 INFO  [main] http.HttpServer: ASYNC_PROFILER_HOME environment variable and async.profiler.home system property not specified. Disabling /prof endpoint.
2023-12-27 02:49:47,221 INFO  [main] http.HttpServer: Jetty bound to port 16030
2023-12-27 02:49:47,223 INFO  [main] server.Server: jetty-9.3.28.v20191105, build timestamp: 2019-11-05T18:00:51Z, git hash: d7dd68d6e9d8ff06a0130e46886c2db5d70784c1
2023-12-27 02:49:47,305 INFO  [main] http.SecurityHeadersFilter: Added security headers filter
2023-12-27 02:49:47,308 INFO  [main] handler.ContextHandler: Started o.e.j.s.ServletContextHandler@3e48e859{/logs,file:///usr/program/hbase/logs/,AVAILABLE}
2023-12-27 02:49:47,308 INFO  [main] http.SecurityHeadersFilter: Added security headers filter
2023-12-27 02:49:47,308 INFO  [main] handler.ContextHandler: Started o.e.j.s.ServletContextHandler@1a5f7e7c{/static,file:///usr/program/hbase/hbase-webapps/static/,AVAILABLE}
2023-12-27 02:49:47,568 INFO  [main] webapp.StandardDescriptorProcessor: NO JSP Support for /, did not find org.eclipse.jetty.jsp.JettyJspServlet
2023-12-27 02:49:47,587 INFO  [main] http.SecurityHeadersFilter: Added security headers filter
2023-12-27 02:49:47,608 INFO  [main] handler.ContextHandler: Started o.e.j.w.WebAppContext@5327a06e{/,file:///usr/program/hbase/hbase-webapps/regionserver/,AVAILABLE}{file:/usr/program/hbase/hbase-webapps/regionserver}
2023-12-27 02:49:47,634 INFO  [main] server.AbstractConnector: Started ServerConnector@3fa76c61{HTTP/1.1,[http/1.1]}{0.0.0.0:16030}
2023-12-27 02:49:47,635 INFO  [main] server.Server: Started @13918ms
2023-12-27 02:50:23,092 INFO  [regionserver/worker2:16020] regionserver.HRegionServer: ClusterId : 0ef716a2-1895-4d6c-a178-e014b644d832
2023-12-27 02:50:23,263 INFO  [ReadOnlyZKClient-zoo1:2181,zoo2:2181,zoo3:2181@0x6897daba] zookeeper.ZooKeeper: Initiating client connection, connectString=zoo1:2181,zoo2:2181,zoo3:2181 sessionTimeout=90000 watcher=org.apache.hadoop.hbase.zookeeper.ReadOnlyZKClient$$Lambda$42/360941534@54be8de5
2023-12-27 02:50:23,263 INFO  [ReadOnlyZKClient-zoo1:2181,zoo2:2181,zoo3:2181@0x6897daba] zookeeper.ClientCnxnSocket: jute.maxbuffer value is 4194304 Bytes
2023-12-27 02:50:23,264 INFO  [ReadOnlyZKClient-zoo1:2181,zoo2:2181,zoo3:2181@0x6897daba] zookeeper.ClientCnxn: zookeeper.request.timeout value is 0. feature enabled=
2023-12-27 02:50:23,334 INFO  [ReadOnlyZKClient-zoo1:2181,zoo2:2181,zoo3:2181@0x6897daba-SendThread(zoo2:2181)] zookeeper.ClientCnxn: Opening socket connection to server zoo2/172.28.1.12:2181. Will not attempt to authenticate using SASL (unknown error)
2023-12-27 02:50:23,339 INFO  [ReadOnlyZKClient-zoo1:2181,zoo2:2181,zoo3:2181@0x6897daba-SendThread(zoo2:2181)] zookeeper.ClientCnxn: Socket connection established, initiating session, client: /172.28.1.3:51984, server: zoo2/172.28.1.12:2181
2023-12-27 02:50:23,345 INFO  [ReadOnlyZKClient-zoo1:2181,zoo2:2181,zoo3:2181@0x6897daba-SendThread(zoo2:2181)] zookeeper.ClientCnxn: Session establishment complete on server zoo2/172.28.1.12:2181, sessionid = 0x200003870be0001, negotiated timeout = 40000
2023-12-27 02:50:23,434 INFO  [regionserver/worker2:16020] regionserver.RegionServerCoprocessorHost: System coprocessor loading is enabled
2023-12-27 02:50:23,434 INFO  [regionserver/worker2:16020] regionserver.RegionServerCoprocessorHost: Table coprocessor loading is enabled
2023-12-27 02:50:23,446 INFO  [regionserver/worker2:16020] regionserver.HRegionServer: reportForDuty to master=master,16000,1703645415736 with port=16020, startcode=1703645378163
2023-12-27 02:50:23,918 INFO  [regionserver/worker2:16020] wal.WALFactory: Instantiating WALProvider of type class org.apache.hadoop.hbase.wal.AsyncFSWALProvider
2023-12-27 02:50:24,224 INFO  [regionserver/worker2:16020] regionserver.MetricsRegionServerWrapperImpl: Computing regionserver metrics every 5000 milliseconds
2023-12-27 02:50:24,263 INFO  [regionserver/worker2:16020] regionserver.MemStoreFlusher: globalMemStoreLimit=1.5 G, globalMemStoreLimitLowMark=1.5 G, Offheap=false
2023-12-27 02:50:24,271 INFO  [regionserver/worker2:16020] throttle.PressureAwareCompactionThroughputController: Compaction throughput configurations, higher bound: 100.00 MB/second, lower bound 50.00 MB/second, off peak: unlimited, tuning period: 60000 ms
2023-12-27 02:50:24,271 INFO  [regionserver/worker2:16020] hbase.ChoreService: Chore ScheduledChore name=CompactionThroughputTuner, period=60000, unit=MILLISECONDS is enabled.
2023-12-27 02:50:24,272 INFO  [regionserver/worker2:16020] regionserver.HRegionServer: CompactionChecker runs every PT10S
2023-12-27 02:50:24,345 INFO  [regionserver/worker2:16020] hbase.ChoreService: Chore ScheduledChore name=CompactedHFilesCleaner, period=120000, unit=MILLISECONDS is enabled.
2023-12-27 02:50:24,356 INFO  [regionserver/worker2:16020] hbase.ChoreService: Chore ScheduledChore name=CompactionChecker, period=10000, unit=MILLISECONDS is enabled.
2023-12-27 02:50:24,356 INFO  [regionserver/worker2:16020] hbase.ChoreService: Chore ScheduledChore name=MemstoreFlusherChore, period=10000, unit=MILLISECONDS is enabled.
2023-12-27 02:50:24,356 INFO  [regionserver/worker2:16020] hbase.ChoreService: Chore ScheduledChore name=nonceCleaner, period=360000, unit=MILLISECONDS is enabled.
2023-12-27 02:50:24,422 INFO  [SplitLogWorker-worker2:16020] regionserver.SplitLogWorker: SplitLogWorker worker2,16020,1703645378163 starting
2023-12-27 02:50:24,434 INFO  [regionserver/worker2:16020] regionserver.HeapMemoryManager: Starting, tuneOn=false
2023-12-27 02:50:24,437 INFO  [regionserver/worker2:16020] hbase.ChoreService: Chore ScheduledChore name=worker2,16020,1703645378163-HeapMemoryTunerChore, period=60000, unit=MILLISECONDS is enabled.
2023-12-27 02:50:24,440 INFO  [regionserver/worker2:16020] regionserver.ChunkCreator: Allocating data MemStoreChunkPool with chunk size 2 MB, max count 707, initial count 0
2023-12-27 02:50:24,446 INFO  [regionserver/worker2:16020] regionserver.ChunkCreator: Allocating index MemStoreChunkPool with chunk size 204.80 KB, max count 786, initial count 0
2023-12-27 02:50:24,484 INFO  [regionserver/worker2:16020] regionserver.Replication: worker2,16020,1703645378163 started
2023-12-27 02:50:24,491 INFO  [regionserver/worker2:16020] regionserver.HRegionServer: Serving as worker2,16020,1703645378163, RpcServer on worker2/172.28.1.3:16020, sessionid=0x100003870860001
2023-12-27 02:50:24,496 INFO  [regionserver/worker2:16020] quotas.RegionServerRpcQuotaManager: Quota support disabled
2023-12-27 02:50:24,496 INFO  [regionserver/worker2:16020] quotas.RegionServerSpaceQuotaManager: Quota support disabled, not starting space quota manager.
2023-12-27 02:50:24,646 INFO  [RS_CLOSE_META-regionserver/worker2:16020-0] handler.AssignRegionHandler: Open hbase:meta,,1.1588230740
2023-12-27 02:50:24,646 INFO  [RS_CLOSE_META-regionserver/worker2:16020-0] wal.WALFactory: Instantiating WALProvider of type class org.apache.hadoop.hbase.wal.AsyncFSWALProvider
2023-12-27 02:50:24,667 INFO  [RS_CLOSE_META-regionserver/worker2:16020-0] wal.AbstractFSWAL: WAL configuration: blocksize=256 MB, rollsize=128 MB, prefix=worker2%2C16020%2C1703645378163.meta, suffix=.meta, logDir=hdfs://master:9000/hbase/WALs/worker2,16020,1703645378163, archiveDir=hdfs://master:9000/hbase/oldWALs, maxLogs=32
2023-12-27 02:50:24,730 INFO  [RS_CLOSE_META-regionserver/worker2:16020-0] wal.AbstractFSWAL: New WAL /hbase/WALs/worker2,16020,1703645378163/worker2%2C16020%2C1703645378163.meta.1703645424678.meta
2023-12-27 02:50:24,854 INFO  [RS_CLOSE_META-regionserver/worker2:16020-0] regionserver.RegionCoprocessorHost: Loaded coprocessor org.apache.hadoop.hbase.coprocessor.MultiRowMutationEndpoint from HTD of hbase:meta successfully.
2023-12-27 02:50:24,913 INFO  [StoreOpener-1588230740-1] regionserver.HStore: Created cacheConfig: cacheDataOnRead=true, cacheDataOnWrite=false, cacheIndexesOnWrite=false, cacheBloomsOnWrite=false, cacheEvictOnClose=false, cacheDataCompressed=false, prefetchOnOpen=false for 1588230740/info
2023-12-27 02:50:24,920 INFO  [StoreOpener-1588230740-1] compactions.CompactionConfiguration: size [minCompactSize:128 MB, maxCompactSize:8.00 EB, offPeakMaxCompactSize:8.00 EB); files [minFilesToCompact:3, maxFilesToCompact:10); ratio 1.200000; off-peak ratio 5.000000; throttle point 2684354560; major period 604800000, major jitter 0.500000, min locality to compact 0.000000; tiered compaction: max_age 9223372036854775807, incoming window min 6, compaction policy for tiered window org.apache.hadoop.hbase.regionserver.compactions.ExploringCompactionPolicy, single output for minor true, compaction window factory org.apache.hadoop.hbase.regionserver.compactions.ExponentialCompactionWindowFactory, region 1588230740 columnFamilyName info
2023-12-27 02:50:24,934 INFO  [StoreOpener-1588230740-1] regionserver.HStore: 1588230740/info created,  memstore type=DefaultMemStore, storagePolicy=HOT, verifyBulkLoads=false, parallelPutCountPrintThreshold=50, encoding=NONE, compression=NONE
2023-12-27 02:50:24,939 INFO  [StoreOpener-1588230740-1] regionserver.HStore: Created cacheConfig: cacheDataOnRead=true, cacheDataOnWrite=false, cacheIndexesOnWrite=false, cacheBloomsOnWrite=false, cacheEvictOnClose=false, cacheDataCompressed=false, prefetchOnOpen=false for 1588230740/rep_barrier
2023-12-27 02:50:24,940 INFO  [StoreOpener-1588230740-1] compactions.CompactionConfiguration: size [minCompactSize:128 MB, maxCompactSize:8.00 EB, offPeakMaxCompactSize:8.00 EB); files [minFilesToCompact:3, maxFilesToCompact:10); ratio 1.200000; off-peak ratio 5.000000; throttle point 2684354560; major period 604800000, major jitter 0.500000, min locality to compact 0.000000; tiered compaction: max_age 9223372036854775807, incoming window min 6, compaction policy for tiered window org.apache.hadoop.hbase.regionserver.compactions.ExploringCompactionPolicy, single output for minor true, compaction window factory org.apache.hadoop.hbase.regionserver.compactions.ExponentialCompactionWindowFactory, region 1588230740 columnFamilyName rep_barrier
2023-12-27 02:50:24,942 INFO  [StoreOpener-1588230740-1] regionserver.HStore: 1588230740/rep_barrier created,  memstore type=DefaultMemStore, storagePolicy=HOT, verifyBulkLoads=false, parallelPutCountPrintThreshold=50, encoding=NONE, compression=NONE
2023-12-27 02:50:24,945 INFO  [StoreOpener-1588230740-1] regionserver.HStore: Created cacheConfig: cacheDataOnRead=true, cacheDataOnWrite=false, cacheIndexesOnWrite=false, cacheBloomsOnWrite=false, cacheEvictOnClose=false, cacheDataCompressed=false, prefetchOnOpen=false for 1588230740/table
2023-12-27 02:50:24,946 INFO  [StoreOpener-1588230740-1] compactions.CompactionConfiguration: size [minCompactSize:128 MB, maxCompactSize:8.00 EB, offPeakMaxCompactSize:8.00 EB); files [minFilesToCompact:3, maxFilesToCompact:10); ratio 1.200000; off-peak ratio 5.000000; throttle point 2684354560; major period 604800000, major jitter 0.500000, min locality to compact 0.000000; tiered compaction: max_age 9223372036854775807, incoming window min 6, compaction policy for tiered window org.apache.hadoop.hbase.regionserver.compactions.ExploringCompactionPolicy, single output for minor true, compaction window factory org.apache.hadoop.hbase.regionserver.compactions.ExponentialCompactionWindowFactory, region 1588230740 columnFamilyName table
2023-12-27 02:50:24,947 INFO  [StoreOpener-1588230740-1] regionserver.HStore: 1588230740/table created,  memstore type=DefaultMemStore, storagePolicy=HOT, verifyBulkLoads=false, parallelPutCountPrintThreshold=50, encoding=NONE, compression=NONE
2023-12-27 02:50:24,985 INFO  [RS_CLOSE_META-regionserver/worker2:16020-0] regionserver.HRegion: Opened 1588230740; next sequenceid=2
2023-12-27 02:50:25,021 INFO  [RS_CLOSE_META-regionserver/worker2:16020-0] regionserver.HRegionServer: Post open deploy tasks for hbase:meta,,1.1588230740, pid=3, masterSystemTime=1703645424236
2023-12-27 02:50:25,055 INFO  [RS_CLOSE_META-regionserver/worker2:16020-0] handler.AssignRegionHandler: Opened hbase:meta,,1.1588230740
2023-12-27 02:50:27,511 INFO  [regionserver/worker2:16020] wal.AbstractFSWAL: WAL configuration: blocksize=256 MB, rollsize=128 MB, prefix=worker2%2C16020%2C1703645378163, suffix=, logDir=hdfs://master:9000/hbase/WALs/worker2,16020,1703645378163, archiveDir=hdfs://master:9000/hbase/oldWALs, maxLogs=32
2023-12-27 02:50:27,525 INFO  [regionserver/worker2:16020] wal.AbstractFSWAL: New WAL /hbase/WALs/worker2,16020,1703645378163/worker2%2C16020%2C1703645378163.1703645427512
2023-12-27 02:50:30,425 INFO  [RS_OPEN_PRIORITY_REGION-regionserver/worker2:16020-0] handler.AssignRegionHandler: Open hbase:namespace,,1703645429860.0f08d0ca4adb374c46e9f08b510cf713.
2023-12-27 02:50:30,447 INFO  [HBase-Metrics2-1] impl.GlobalMetricRegistriesAdapter: Registering RegionServer,sub=Coprocessor.Region.CP_org.apache.hadoop.hbase.coprocessor.MultiRowMutationEndpoint Metrics about HBase RegionObservers
2023-12-27 02:50:30,482 INFO  [StoreOpener-0f08d0ca4adb374c46e9f08b510cf713-1] regionserver.HStore: Created cacheConfig: cacheDataOnRead=true, cacheDataOnWrite=false, cacheIndexesOnWrite=false, cacheBloomsOnWrite=false, cacheEvictOnClose=false, cacheDataCompressed=false, prefetchOnOpen=false for 0f08d0ca4adb374c46e9f08b510cf713/info
2023-12-27 02:50:30,483 INFO  [StoreOpener-0f08d0ca4adb374c46e9f08b510cf713-1] compactions.CompactionConfiguration: size [minCompactSize:128 MB, maxCompactSize:8.00 EB, offPeakMaxCompactSize:8.00 EB); files [minFilesToCompact:3, maxFilesToCompact:10); ratio 1.200000; off-peak ratio 5.000000; throttle point 2684354560; major period 604800000, major jitter 0.500000, min locality to compact 0.000000; tiered compaction: max_age 9223372036854775807, incoming window min 6, compaction policy for tiered window org.apache.hadoop.hbase.regionserver.compactions.ExploringCompactionPolicy, single output for minor true, compaction window factory org.apache.hadoop.hbase.regionserver.compactions.ExponentialCompactionWindowFactory, region 0f08d0ca4adb374c46e9f08b510cf713 columnFamilyName info
2023-12-27 02:50:30,486 INFO  [StoreOpener-0f08d0ca4adb374c46e9f08b510cf713-1] regionserver.HStore: 0f08d0ca4adb374c46e9f08b510cf713/info created,  memstore type=DefaultMemStore, storagePolicy=HOT, verifyBulkLoads=false, parallelPutCountPrintThreshold=50, encoding=NONE, compression=NONE
2023-12-27 02:50:30,544 INFO  [RS_OPEN_PRIORITY_REGION-regionserver/worker2:16020-0] regionserver.HRegion: Opened 0f08d0ca4adb374c46e9f08b510cf713; next sequenceid=2
2023-12-27 02:50:30,548 INFO  [RS_OPEN_PRIORITY_REGION-regionserver/worker2:16020-0] regionserver.HRegionServer: Post open deploy tasks for hbase:namespace,,1703645429860.0f08d0ca4adb374c46e9f08b510cf713., pid=6, masterSystemTime=1703645430400
2023-12-27 02:50:30,554 INFO  [RS_OPEN_PRIORITY_REGION-regionserver/worker2:16020-0] handler.AssignRegionHandler: Opened hbase:namespace,,1703645429860.0f08d0ca4adb374c46e9f08b510cf713.
2023-12-27 02:51:23,464 INFO  [ReadOnlyZKClient-zoo1:2181,zoo2:2181,zoo3:2181@0x6897daba] zookeeper.ZooKeeper: Session: 0x200003870be0001 closed
2023-12-27 02:51:23,464 INFO  [ReadOnlyZKClient-zoo1:2181,zoo2:2181,zoo3:2181@0x6897daba-EventThread] zookeeper.ClientCnxn: EventThread shut down for session: 0x200003870be0001
Wed Dec 27 10:52:35 CST 2023 Starting regionserver on worker2
core file size          (blocks, -c) unlimited
data seg size           (kbytes, -d) unlimited
scheduling priority             (-e) 0
file size               (blocks, -f) unlimited
pending signals                 (-i) 62919
max locked memory       (kbytes, -l) 64
max memory size         (kbytes, -m) unlimited
open files                      (-n) 1048576
pipe size            (512 bytes, -p) 8
POSIX message queues     (bytes, -q) 819200
real-time priority              (-r) 0
stack size              (kbytes, -s) 8192
cpu time               (seconds, -t) unlimited
max user processes              (-u) unlimited
virtual memory          (kbytes, -v) unlimited
file locks                      (-x) unlimited
2023-12-27 02:52:39,023 INFO  [main] regionserver.HRegionServer: STARTING executorService HRegionServer
2023-12-27 02:52:39,058 INFO  [main] util.VersionInfo: HBase 2.3.6
2023-12-27 02:52:39,058 INFO  [main] util.VersionInfo: Source code repository git://7257be94c61e/home/stack/hbase-rm/output/hbase revision=7414579f2620fca6b75146c29ab2726fc4643ac9
2023-12-27 02:52:39,058 INFO  [main] util.VersionInfo: Compiled by stack on Wed Jul 28 22:24:42 UTC 2021
2023-12-27 02:52:39,058 INFO  [main] util.VersionInfo: From source with checksum eb11554aeb325ccaf65a9b469efe7ddcdc0bb0eec35a53f77d0c5c09eac5722007a05ef62349c7afb8005ed1abe32e772f99bb2137194641f5ce51d525aa5634
2023-12-27 02:52:40,472 INFO  [main] util.ServerCommandLine: hbase.tmp.dir: /tmp/hbase-root
2023-12-27 02:52:40,472 INFO  [main] util.ServerCommandLine: hbase.rootdir: hdfs://master:9000/hbase
2023-12-27 02:52:40,472 INFO  [main] util.ServerCommandLine: hbase.cluster.distributed: true
2023-12-27 02:52:40,472 INFO  [main] util.ServerCommandLine: hbase.zookeeper.quorum: zoo1,zoo2,zoo3
2023-12-27 02:52:40,473 INFO  [main] util.ServerCommandLine: env:PATH=/usr/local/sbin:/usr/local/bin:/usr/sbin:/usr/bin:/sbin:/bin:/usr/lib/jvm/java-1.8-openjdk/bin:/usr/program/hadoop/bin:/usr/program/hadoop/sbin:/usr/program/hive/bin:/usr/program/hbase/bin:/usr/program/spark/bin
2023-12-27 02:52:40,479 INFO  [main] util.ServerCommandLine: env:HADOOP_CONF_DIR=/usr/program/hadoop/etc/hadoop
2023-12-27 02:52:40,479 INFO  [main] util.ServerCommandLine: env:ZK_VERSION=3.6.3
2023-12-27 02:52:40,479 INFO  [main] util.ServerCommandLine: env:ZK_PACKAGE=apache-zookeeper-3.6.3-bin.tar.gz
2023-12-27 02:52:40,479 INFO  [main] util.ServerCommandLine: env:ROOT_PWD=123456
2023-12-27 02:52:40,479 INFO  [main] util.ServerCommandLine: env:USR_PROGRAM_DIR=/usr/program
2023-12-27 02:52:40,479 INFO  [main] util.ServerCommandLine: env:HBASE_CONF_DIR=/usr/program/hbase/conf/
2023-12-27 02:52:40,480 INFO  [main] util.ServerCommandLine: env:HADOOP_NNAMENADE_HOSTNAME=master
2023-12-27 02:52:40,480 INFO  [main] util.ServerCommandLine: env:YARN_NODEMANAGER_USER=root
2023-12-27 02:52:40,480 INFO  [main] util.ServerCommandLine: env:LD_LIBRARY_PATH=/usr/lib/jvm/java-1.8-openjdk/jre/lib/amd64/server:/usr/lib/jvm/java-1.8-openjdk/jre/lib/amd64:/usr/lib/jvm/java-1.8-openjdk/jre/../lib/amd64:/usr/program/hadoop/lib/native:
2023-12-27 02:52:40,480 INFO  [main] util.ServerCommandLine: env:JVM_PID=233
2023-12-27 02:52:40,480 INFO  [main] util.ServerCommandLine: env:HBASE_REST_OPTS=
2023-12-27 02:52:40,480 INFO  [main] util.ServerCommandLine: env:HIVE_LOG_DIR=/usr/program/hive/logs
2023-12-27 02:52:40,480 INFO  [main] util.ServerCommandLine: env:PWD=/usr/program
2023-12-27 02:52:40,480 INFO  [main] util.ServerCommandLine: env:SPARK_MASTER_ADDRESS=spark://master:7077
2023-12-27 02:52:40,480 INFO  [main] util.ServerCommandLine: env:ZOO_SERVERS_HOSTNAME=zoo1 zoo2 zoo3
2023-12-27 02:52:40,480 INFO  [main] util.ServerCommandLine: env:HBASE_ROOT_LOGGER=INFO,RFA
2023-12-27 02:52:40,480 INFO  [main] util.ServerCommandLine: env:PIP_DISABLE_PIP_VERSION_CHECK=1
2023-12-27 02:52:40,480 INFO  [main] util.ServerCommandLine: env:HBASE_ENV_INIT=true
2023-12-27 02:52:40,480 INFO  [main] util.ServerCommandLine: env:HIVE_HOME=/usr/program/hive
2023-12-27 02:52:40,480 INFO  [main] util.ServerCommandLine: env:HBASE_MANAGES_ZK=false
2023-12-27 02:52:40,481 INFO  [main] util.ServerCommandLine: env:SPARK_CONF_DIR=/usr/program/spark/conf
2023-12-27 02:52:40,481 INFO  [main] util.ServerCommandLine: env:SED=sed
2023-12-27 02:52:40,481 INFO  [main] util.ServerCommandLine: env:HADOOP_SERVERS_HOSTNAME=master worker1 worker2
2023-12-27 02:52:40,481 INFO  [main] util.ServerCommandLine: env:HADOOP_HOME=/usr/program/hadoop
2023-12-27 02:52:40,481 INFO  [main] util.ServerCommandLine: env:HBASE_NICENESS=0
2023-12-27 02:52:40,481 INFO  [main] util.ServerCommandLine: env:HBASE_PACKAGE=hbase-2.3.6-bin.tar.gz
2023-12-27 02:52:40,481 INFO  [main] util.ServerCommandLine: env:HADOOP_PACKAGE=hadoop-3.2.3.tar.gz
2023-12-27 02:52:40,481 INFO  [main] util.ServerCommandLine: env:HBASE_SECURITY_LOGGER=INFO,RFAS
2023-12-27 02:52:40,481 INFO  [main] util.ServerCommandLine: env:HBASE_OPTS=-XX:+UseConcMarkSweepGC -Djava.util.logging.config.class=org.apache.hadoop.hbase.logging.JulToSlf4jInitializer   -Dhbase.log.dir=/usr/program/hbase/logs -Dhbase.log.file=hbase--regionserver-worker2.log -Dhbase.home.dir=/usr/program/hbase -Dhbase.id.str= -Dhbase.root.logger=INFO,RFA -Dhbase.security.logger=INFO,RFAS
2023-12-27 02:52:40,481 INFO  [main] util.ServerCommandLine: env:HDFS_DATANODE_USER=root
2023-12-27 02:52:40,481 INFO  [main] util.ServerCommandLine: env:SHLVL=1
2023-12-27 02:52:40,481 INFO  [main] util.ServerCommandLine: env:SPARK_LOG_DIR=/usr/program/spark/logs
2023-12-27 02:52:40,481 INFO  [main] util.ServerCommandLine: env:HBASE_LOGFILE=hbase--regionserver-worker2.log
2023-12-27 02:52:40,481 INFO  [main] util.ServerCommandLine: env:HBASE_REGIONSERVER_HOSTNAME=worker1 worker2
2023-12-27 02:52:40,481 INFO  [main] util.ServerCommandLine: env:SPARK_VERSION=3.0.0
2023-12-27 02:52:40,481 INFO  [main] util.ServerCommandLine: env:SPARK_PACKAGE=spark-3.0.0-bin-hadoop3.2.tgz
2023-12-27 02:52:40,481 INFO  [main] util.ServerCommandLine: env:JAVA_HOME=/usr/lib/jvm/java-1.8-openjdk
2023-12-27 02:52:40,482 INFO  [main] util.ServerCommandLine: env:SPARK_LOCAL_HOSTNAME=worker2
2023-12-27 02:52:40,482 INFO  [main] util.ServerCommandLine: env:ZK_CONF_DIR=/usr/program/zookeeper/conf
2023-12-27 02:52:40,482 INFO  [main] util.ServerCommandLine: env:HADOOP_NODE=datanode
2023-12-27 02:52:40,482 INFO  [main] util.ServerCommandLine: env:SPARK_LOCAL_IP=172.28.1.3
2023-12-27 02:52:40,482 INFO  [main] util.ServerCommandLine: env:YARN_RESOURCEMANAGER_USER=root
2023-12-27 02:52:40,490 INFO  [main] util.ServerCommandLine: env:HADOOP_CLASSPATH=/usr/program/hadoop/share/hadoop/tools/lib/*:/usr/program/hive/lib/*
2023-12-27 02:52:40,490 INFO  [main] util.ServerCommandLine: env:SPARK_HOME=/usr/program/spark
2023-12-27 02:52:40,490 INFO  [main] util.ServerCommandLine: env:USR_BIN_DIR=/usr/program/source_dir
2023-12-27 02:52:40,490 INFO  [main] util.ServerCommandLine: env:HADOOP_VERSION=3.2.3
2023-12-27 02:52:40,490 INFO  [main] util.ServerCommandLine: env:HBASE_VERSION=2.3.6
2023-12-27 02:52:40,490 INFO  [main] util.ServerCommandLine: env:HADOOP_MAPRED_HOME=/usr/program/hadoop
2023-12-27 02:52:40,490 INFO  [main] util.ServerCommandLine: env:HADOOP_DATANODE_UI_PORT=9865
2023-12-27 02:52:40,490 INFO  [main] util.ServerCommandLine: env:HIVE_PACKAGE=apache-hive-3.1.2-bin.tar.gz
2023-12-27 02:52:40,490 INFO  [main] util.ServerCommandLine: env:HADOOP_COMMON_HOME=/usr/program/hadoop
2023-12-27 02:52:40,490 INFO  [main] util.ServerCommandLine: env:PYTHONHASHSEED=0
2023-12-27 02:52:40,490 INFO  [main] util.ServerCommandLine: env:HBASE_ROLE=regionserver thrift
2023-12-27 02:52:40,490 INFO  [main] util.ServerCommandLine: env:HIVE_CONF_DIR=/usr/program/hive/conf
2023-12-27 02:52:40,490 INFO  [main] util.ServerCommandLine: env:HBASE_DISABLE_HADOOP_CLASSPATH_LOOKUP=true
2023-12-27 02:52:40,490 INFO  [main] util.ServerCommandLine: env:ZK_HOME=/usr/program/zookeeper
2023-12-27 02:52:40,491 INFO  [main] util.ServerCommandLine: env:PYTHONIOENCODING=UTF-8
2023-12-27 02:52:40,503 INFO  [main] util.ServerCommandLine: env:HBASE_IDENT_STRING=
2023-12-27 02:52:40,503 INFO  [main] util.ServerCommandLine: env:SPARK_DIST_CLASSPATH=/usr/program/hadoop/etc/hadoop:/usr/program/hadoop/share/hadoop/tools/lib/*:/usr/program/hadoop/share/hadoop/common/lib/*:/usr/program/hadoop/share/hadoop/common/*:/usr/program/hadoop/share/hadoop/hdfs:/usr/program/hadoop/share/hadoop/hdfs/lib/*:/usr/program/hadoop/share/hadoop/hdfs/*:/usr/program/hadoop/share/hadoop/mapreduce/lib/*:/usr/program/hadoop/share/hadoop/mapreduce/*:/usr/program/hadoop/share/hadoop/yarn:/usr/program/hadoop/share/hadoop/yarn/lib/*:/usr/program/hadoop/share/hadoop/yarn/*
2023-12-27 02:52:40,503 INFO  [main] util.ServerCommandLine: env:HBASE_ZNODE_FILE=/tmp/hbase--regionserver.znode
2023-12-27 02:52:40,503 INFO  [main] util.ServerCommandLine: env:HBASE_MASTER_HOSTNAME=master
2023-12-27 02:52:40,503 INFO  [main] util.ServerCommandLine: env:HBASE_LOG_PREFIX=hbase--regionserver-worker2
2023-12-27 02:52:40,503 INFO  [main] util.ServerCommandLine: env:HBASE_LOG_DIR=/usr/program/hbase/logs
2023-12-27 02:52:40,504 INFO  [main] util.ServerCommandLine: ttp-2.7.5.jar:/usr/program/hbase/lib/okio-1.6.0.jar:/usr/program/hbase/lib/osgi-resource-locator-1.0.1.jar:/usr/program/hbase/lib/paranamer-2.3.jar:/usr/program/hbase/lib/protobuf-java-2.5.0.jar:/usr/program/hbase/lib/snappy-java-1.0.5.jar:/usr/program/hbase/lib/spymemcached-2.12.2.jar:/usr/program/hbase/lib/stax2-api-3.1.4.jar:/usr/program/hbase/lib/validation-api-1.1.0.Final.jar:/usr/program/hbase/lib/woodstox-core-5.0.3.jar:/usr/program/hbase/lib/xmlenc-0.52.jar:/usr/program/hbase/lib/zookeeper-3.5.7.jar:/usr/program/hbase/lib/zookeeper-jute-3.5.7.jar:/usr/program/hbase/lib/client-facing-thirdparty/audience-annotations-0.5.0.jar:/usr/program/hbase/lib/client-facing-thirdparty/commons-logging-1.2.jar:/usr/program/hbase/lib/client-facing-thirdparty/htrace-core4-4.2.0-incubating.jar:/usr/program/hbase/lib/client-facing-thirdparty/log4j-1.2.17.jar:/usr/program/hbase/lib/client-facing-thirdparty/slf4j-api-1.7.30.jar:/usr/program/hbase/lib/client-facing-thirdparty/slf4j-log4j12-1.7.30.jar
2023-12-27 02:52:40,504 INFO  [main] util.ServerCommandLine: env:HDFS_NAMENODE_USER=root
2023-12-27 02:52:40,504 INFO  [main] util.ServerCommandLine: env:SPARK_MASTER_HOST=172.28.1.1
2023-12-27 02:52:40,504 INFO  [main] util.ServerCommandLine: env:HIVE_VERSION=3.1.2
2023-12-27 02:52:40,504 INFO  [main] util.ServerCommandLine: env:HBASE_AUTOSTART_FILE=/tmp/hbase--regionserver.autostart
2023-12-27 02:52:40,504 INFO  [main] util.ServerCommandLine: env:HOSTNAME=worker2
2023-12-27 02:52:40,504 INFO  [main] util.ServerCommandLine: env:GREP=grep
2023-12-27 02:52:40,504 INFO  [main] util.ServerCommandLine: env:SPARK_HADOOP_VERSION=3.2
2023-12-27 02:52:40,504 INFO  [main] util.ServerCommandLine: env:HADOOP_LOG_DIR=/usr/program/hadoop/logs
2023-12-27 02:52:40,504 INFO  [main] util.ServerCommandLine: env:SPARK_PUBLIC_DNS=localhost
2023-12-27 02:52:40,517 INFO  [main] util.ServerCommandLine: env:SPARK_WORKER_PORT=8882
2023-12-27 02:52:40,518 INFO  [main] util.ServerCommandLine: env:HBASE_HOME=/usr/program/hbase
2023-12-27 02:52:40,518 INFO  [main] util.ServerCommandLine: env:HBASE_THRIFT_OPTS=
2023-12-27 02:52:40,519 INFO  [main] util.ServerCommandLine: env:HDFS_SECONDARYNAMENODE_USER=root
2023-12-27 02:52:40,519 INFO  [main] util.ServerCommandLine: env:HOME=/root
2023-12-27 02:52:40,519 INFO  [main] util.ServerCommandLine: env:SPARK_WORKER_WEBUI_PORT=8982
2023-12-27 02:52:40,519 INFO  [main] util.ServerCommandLine: env:MALLOC_ARENA_MAX=4
2023-12-27 02:52:40,520 INFO  [main] util.ServerCommandLine: vmName=OpenJDK 64-Bit Server VM, vmVendor=IcedTea, vmVersion=25.275-b01
2023-12-27 02:52:40,521 INFO  [main] util.ServerCommandLine: vmInputArguments=[-Dproc_regionserver, -XX:OnOutOfMemoryError=kill -9 %p, -XX:+UseConcMarkSweepGC, -Djava.util.logging.config.class=org.apache.hadoop.hbase.logging.JulToSlf4jInitializer, -Dhbase.log.dir=/usr/program/hbase/logs, -Dhbase.log.file=hbase--regionserver-worker2.log, -Dhbase.home.dir=/usr/program/hbase, -Dhbase.id.str=, -Dhbase.root.logger=INFO,RFA, -Dhbase.security.logger=INFO,RFAS]
2023-12-27 02:52:42,287 INFO  [main] metrics.MetricRegistries: Loaded MetricRegistries class org.apache.hadoop.hbase.metrics.impl.MetricRegistriesImpl
2023-12-27 02:52:42,421 WARN  [main] util.NativeCodeLoader: Unable to load native-hadoop library for your platform... using builtin-java classes where applicable
2023-12-27 02:52:43,553 INFO  [main] regionserver.RSRpcServices: regionserver/worker2:16020 server-side Connection retries=45
2023-12-27 02:52:43,665 INFO  [main] ipc.RpcExecutor: Instantiated default.FPBQ.Fifo with queueClass=class java.util.concurrent.LinkedBlockingQueue; numCallQueues=3, maxQueueLength=300, handlerCount=30
2023-12-27 02:52:43,694 INFO  [main] ipc.RpcExecutor: Instantiated priority.RWQ.Fifo with queueClass=class java.util.concurrent.LinkedBlockingQueue; numCallQueues=2, maxQueueLength=300, handlerCount=20
2023-12-27 02:52:43,694 INFO  [main] ipc.RWQueueRpcExecutor: priority.RWQ.Fifo writeQueues=1 writeHandlers=2 readQueues=1 readHandlers=18 scanQueues=0 scanHandlers=0
2023-12-27 02:52:43,694 INFO  [main] ipc.RpcExecutor: Instantiated replication.FPBQ.Fifo with queueClass=class java.util.concurrent.LinkedBlockingQueue; numCallQueues=1, maxQueueLength=300, handlerCount=3
2023-12-27 02:52:43,695 INFO  [main] ipc.RpcExecutor: Instantiated metaPriority.FPBQ.Fifo with queueClass=class java.util.concurrent.LinkedBlockingQueue; numCallQueues=1, maxQueueLength=300, handlerCount=1
2023-12-27 02:52:44,206 INFO  [main] ipc.RpcServerFactory: Creating org.apache.hadoop.hbase.ipc.NettyRpcServer hosting hbase.pb.ClientService, hbase.pb.AdminService
2023-12-27 02:52:44,445 INFO  [main] Configuration.deprecation: hbase.ipc.server.reservoir.initial.buffer.size is deprecated. Instead, use hbase.server.allocator.buffer.size
2023-12-27 02:52:44,489 INFO  [main] Configuration.deprecation: hbase.ipc.server.reservoir.initial.max is deprecated. Instead, use hbase.server.allocator.max.buffer.count
2023-12-27 02:52:45,441 INFO  [main] ipc.NettyRpcServer: Bind to /172.28.1.3:16020
2023-12-27 02:52:45,658 INFO  [main] Configuration.deprecation: hbase.offheapcache.minblocksize is deprecated. Instead, use hbase.blockcache.minblocksize
2023-12-27 02:52:45,660 INFO  [main] hfile.BlockCacheFactory: Allocating BlockCache size=1.54 GB, blockSize=64 KB
2023-12-27 02:52:48,605 INFO  [main] fs.HFileSystem: Added intercepting call to namenode#getBlockLocations so can do block reordering using class org.apache.hadoop.hbase.fs.HFileSystem$ReorderWALBlocks
2023-12-27 02:52:48,610 INFO  [main] fs.HFileSystem: Added intercepting call to namenode#getBlockLocations so can do block reordering using class org.apache.hadoop.hbase.fs.HFileSystem$ReorderWALBlocks
2023-12-27 02:52:48,664 INFO  [main] zookeeper.RecoverableZooKeeper: Process identifier=regionserver:16020 connecting to ZooKeeper ensemble=zoo1:2181,zoo2:2181,zoo3:2181
2023-12-27 02:52:48,685 INFO  [main] zookeeper.ZooKeeper: Client environment:zookeeper.version=3.5.7-f0fdd52973d373ffd9c86b81d99842dc2c7f660e, built on 02/10/2020 11:30 GMT
2023-12-27 02:52:48,691 INFO  [main] zookeeper.ZooKeeper: Client environment:host.name=worker2
2023-12-27 02:52:48,691 INFO  [main] zookeeper.ZooKeeper: Client environment:java.version=1.8.0_275
2023-12-27 02:52:48,691 INFO  [main] zookeeper.ZooKeeper: Client environment:java.vendor=IcedTea
2023-12-27 02:52:48,691 INFO  [main] zookeeper.ZooKeeper: Client environment:java.home=/usr/lib/jvm/java-1.8-openjdk/jre
2023-12-27 02:52:48,692 INFO  [main] zookeeper.ZooKeeper: ttp-2.7.5.jar:/usr/program/hbase/lib/okio-1.6.0.jar:/usr/program/hbase/lib/osgi-resource-locator-1.0.1.jar:/usr/program/hbase/lib/paranamer-2.3.jar:/usr/program/hbase/lib/protobuf-java-2.5.0.jar:/usr/program/hbase/lib/snappy-java-1.0.5.jar:/usr/program/hbase/lib/spymemcached-2.12.2.jar:/usr/program/hbase/lib/stax2-api-3.1.4.jar:/usr/program/hbase/lib/validation-api-1.1.0.Final.jar:/usr/program/hbase/lib/woodstox-core-5.0.3.jar:/usr/program/hbase/lib/xmlenc-0.52.jar:/usr/program/hbase/lib/zookeeper-3.5.7.jar:/usr/program/hbase/lib/zookeeper-jute-3.5.7.jar:/usr/program/hbase/lib/client-facing-thirdparty/audience-annotations-0.5.0.jar:/usr/program/hbase/lib/client-facing-thirdparty/commons-logging-1.2.jar:/usr/program/hbase/lib/client-facing-thirdparty/htrace-core4-4.2.0-incubating.jar:/usr/program/hbase/lib/client-facing-thirdparty/log4j-1.2.17.jar:/usr/program/hbase/lib/client-facing-thirdparty/slf4j-api-1.7.30.jar:/usr/program/hbase/lib/client-facing-thirdparty/slf4j-log4j12-1.7.30.jar
2023-12-27 02:52:48,692 INFO  [main] zookeeper.ZooKeeper: Client environment:java.library.path=/usr/lib/jvm/java-1.8-openjdk/jre/lib/amd64/server:/usr/lib/jvm/java-1.8-openjdk/jre/lib/amd64:/usr/lib/jvm/java-1.8-openjdk/jre/../lib/amd64:/usr/program/hadoop/lib/native::/usr/java/packages/lib/amd64:/usr/lib64:/lib64:/lib:/usr/lib
2023-12-27 02:52:48,692 INFO  [main] zookeeper.ZooKeeper: Client environment:java.io.tmpdir=/tmp
2023-12-27 02:52:48,693 INFO  [main] zookeeper.ZooKeeper: Client environment:java.compiler=<NA>
2023-12-27 02:52:48,693 INFO  [main] zookeeper.ZooKeeper: Client environment:os.name=Linux
2023-12-27 02:52:48,693 INFO  [main] zookeeper.ZooKeeper: Client environment:os.arch=amd64
2023-12-27 02:52:48,694 INFO  [main] zookeeper.ZooKeeper: Client environment:os.version=5.15.0-91-generic
2023-12-27 02:52:48,694 INFO  [main] zookeeper.ZooKeeper: Client environment:user.name=root
2023-12-27 02:52:48,700 INFO  [main] zookeeper.ZooKeeper: Client environment:user.home=/root
2023-12-27 02:52:48,700 INFO  [main] zookeeper.ZooKeeper: Client environment:user.dir=/usr/program
2023-12-27 02:52:48,700 INFO  [main] zookeeper.ZooKeeper: Client environment:os.memory.free=180MB
2023-12-27 02:52:48,700 INFO  [main] zookeeper.ZooKeeper: Client environment:os.memory.max=3932MB
2023-12-27 02:52:48,700 INFO  [main] zookeeper.ZooKeeper: Client environment:os.memory.total=239MB
2023-12-27 02:52:48,710 INFO  [main] zookeeper.ZooKeeper: Initiating client connection, connectString=zoo1:2181,zoo2:2181,zoo3:2181 sessionTimeout=90000 watcher=org.apache.hadoop.hbase.zookeeper.PendingWatcher@e8fadb0
2023-12-27 02:52:48,735 INFO  [main] common.X509Util: Setting -D jdk.tls.rejectClientInitiatedRenegotiation=true to disable client-initiated TLS renegotiation
2023-12-27 02:52:48,753 INFO  [main] zookeeper.ClientCnxnSocket: jute.maxbuffer value is 4194304 Bytes
2023-12-27 02:52:48,787 INFO  [main] zookeeper.ClientCnxn: zookeeper.request.timeout value is 0. feature enabled=
2023-12-27 02:52:48,830 INFO  [main-SendThread(zoo2:2181)] zookeeper.ClientCnxn: Opening socket connection to server zoo2/172.28.1.12:2181. Will not attempt to authenticate using SASL (unknown error)
2023-12-27 02:52:48,858 INFO  [main-SendThread(zoo2:2181)] zookeeper.ClientCnxn: Socket connection established, initiating session, client: /172.28.1.3:54852, server: zoo2/172.28.1.12:2181
2023-12-27 02:52:48,913 INFO  [main-SendThread(zoo2:2181)] zookeeper.ClientCnxn: Session establishment complete on server zoo2/172.28.1.12:2181, sessionid = 0x200003b39730000, negotiated timeout = 40000
2023-12-27 02:52:49,326 INFO  [main] util.log: Logging initialized @12809ms
2023-12-27 02:52:49,752 INFO  [main] http.HttpServer: Added global filter 'safety' (class=org.apache.hadoop.hbase.http.HttpServer$QuotingInputFilter)
2023-12-27 02:52:49,756 INFO  [main] http.HttpServer: Added global filter 'clickjackingprevention' (class=org.apache.hadoop.hbase.http.ClickjackingPreventionFilter)
2023-12-27 02:52:49,757 INFO  [main] http.HttpServer: Added global filter 'securityheaders' (class=org.apache.hadoop.hbase.http.SecurityHeadersFilter)
2023-12-27 02:52:49,762 INFO  [main] http.HttpServer: Added filter static_user_filter (class=org.apache.hadoop.hbase.http.lib.StaticUserWebFilter$StaticUserFilter) to context regionserver
2023-12-27 02:52:49,762 INFO  [main] http.HttpServer: Added filter static_user_filter (class=org.apache.hadoop.hbase.http.lib.StaticUserWebFilter$StaticUserFilter) to context logs
2023-12-27 02:52:49,763 INFO  [main] http.HttpServer: Added filter static_user_filter (class=org.apache.hadoop.hbase.http.lib.StaticUserWebFilter$StaticUserFilter) to context static
2023-12-27 02:52:49,785 INFO  [main] http.HttpServer: ASYNC_PROFILER_HOME environment variable and async.profiler.home system property not specified. Disabling /prof endpoint.
2023-12-27 02:52:49,886 INFO  [main] http.HttpServer: Jetty bound to port 16030
2023-12-27 02:52:49,889 INFO  [main] server.Server: jetty-9.3.28.v20191105, build timestamp: 2019-11-05T18:00:51Z, git hash: d7dd68d6e9d8ff06a0130e46886c2db5d70784c1
2023-12-27 02:52:49,966 INFO  [main] http.SecurityHeadersFilter: Added security headers filter
2023-12-27 02:52:49,969 INFO  [main] handler.ContextHandler: Started o.e.j.s.ServletContextHandler@2dbd803f{/logs,file:///usr/program/hbase/logs/,AVAILABLE}
2023-12-27 02:52:49,969 INFO  [main] http.SecurityHeadersFilter: Added security headers filter
2023-12-27 02:52:49,969 INFO  [main] handler.ContextHandler: Started o.e.j.s.ServletContextHandler@31ddd4a4{/static,file:///usr/program/hbase/hbase-webapps/static/,AVAILABLE}
2023-12-27 02:52:50,073 INFO  [main] webapp.StandardDescriptorProcessor: NO JSP Support for /, did not find org.eclipse.jetty.jsp.JettyJspServlet
2023-12-27 02:52:50,083 INFO  [main] http.SecurityHeadersFilter: Added security headers filter
2023-12-27 02:52:50,098 INFO  [main] handler.ContextHandler: Started o.e.j.w.WebAppContext@57b75756{/,file:///usr/program/hbase/hbase-webapps/regionserver/,AVAILABLE}{file:/usr/program/hbase/hbase-webapps/regionserver}
2023-12-27 02:52:50,107 INFO  [main] server.AbstractConnector: Started ServerConnector@6fc3e1a4{HTTP/1.1,[http/1.1]}{0.0.0.0:16030}
2023-12-27 02:52:50,107 INFO  [main] server.Server: Started @13590ms
2023-12-27 02:53:23,770 INFO  [regionserver/worker2:16020] regionserver.HRegionServer: ClusterId : 33c7df02-91f3-46e6-9198-290bb6646963
2023-12-27 02:53:23,894 INFO  [ReadOnlyZKClient-zoo1:2181,zoo2:2181,zoo3:2181@0x5a65953f] zookeeper.ZooKeeper: Initiating client connection, connectString=zoo1:2181,zoo2:2181,zoo3:2181 sessionTimeout=90000 watcher=org.apache.hadoop.hbase.zookeeper.ReadOnlyZKClient$$Lambda$42/1459948024@163803c3
2023-12-27 02:53:23,894 INFO  [ReadOnlyZKClient-zoo1:2181,zoo2:2181,zoo3:2181@0x5a65953f] zookeeper.ClientCnxnSocket: jute.maxbuffer value is 4194304 Bytes
2023-12-27 02:53:23,895 INFO  [ReadOnlyZKClient-zoo1:2181,zoo2:2181,zoo3:2181@0x5a65953f] zookeeper.ClientCnxn: zookeeper.request.timeout value is 0. feature enabled=
2023-12-27 02:53:23,920 INFO  [ReadOnlyZKClient-zoo1:2181,zoo2:2181,zoo3:2181@0x5a65953f-SendThread(zoo3:2181)] zookeeper.ClientCnxn: Opening socket connection to server zoo3/172.28.1.13:2181. Will not attempt to authenticate using SASL (unknown error)
2023-12-27 02:53:23,922 INFO  [ReadOnlyZKClient-zoo1:2181,zoo2:2181,zoo3:2181@0x5a65953f-SendThread(zoo3:2181)] zookeeper.ClientCnxn: Socket connection established, initiating session, client: /172.28.1.3:52344, server: zoo3/172.28.1.13:2181
2023-12-27 02:53:23,929 INFO  [ReadOnlyZKClient-zoo1:2181,zoo2:2181,zoo3:2181@0x5a65953f-SendThread(zoo3:2181)] zookeeper.ClientCnxn: Session establishment complete on server zoo3/172.28.1.13:2181, sessionid = 0x300003b39a00001, negotiated timeout = 40000
2023-12-27 02:53:23,998 INFO  [regionserver/worker2:16020] regionserver.RegionServerCoprocessorHost: System coprocessor loading is enabled
2023-12-27 02:53:23,999 INFO  [regionserver/worker2:16020] regionserver.RegionServerCoprocessorHost: Table coprocessor loading is enabled
2023-12-27 02:53:24,006 INFO  [regionserver/worker2:16020] regionserver.HRegionServer: reportForDuty to master=master,16000,1703645596133 with port=16020, startcode=1703645560728
2023-12-27 02:53:24,287 WARN  [regionserver/worker2:16020] regionserver.HRegionServer: reportForDuty failed; sleeping 3000 ms and then retrying.
2023-12-27 02:53:27,289 INFO  [regionserver/worker2:16020] regionserver.HRegionServer: reportForDuty to master=master,16000,1703645596133 with port=16020, startcode=1703645560728
2023-12-27 02:53:27,325 INFO  [regionserver/worker2:16020] wal.WALFactory: Instantiating WALProvider of type class org.apache.hadoop.hbase.wal.AsyncFSWALProvider
2023-12-27 02:53:27,453 INFO  [regionserver/worker2:16020] regionserver.MetricsRegionServerWrapperImpl: Computing regionserver metrics every 5000 milliseconds
2023-12-27 02:53:27,473 INFO  [regionserver/worker2:16020] regionserver.MemStoreFlusher: globalMemStoreLimit=1.5 G, globalMemStoreLimitLowMark=1.5 G, Offheap=false
2023-12-27 02:53:27,478 INFO  [regionserver/worker2:16020] throttle.PressureAwareCompactionThroughputController: Compaction throughput configurations, higher bound: 100.00 MB/second, lower bound 50.00 MB/second, off peak: unlimited, tuning period: 60000 ms
2023-12-27 02:53:27,478 INFO  [regionserver/worker2:16020] hbase.ChoreService: Chore ScheduledChore name=CompactionThroughputTuner, period=60000, unit=MILLISECONDS is enabled.
2023-12-27 02:53:27,479 INFO  [regionserver/worker2:16020] regionserver.HRegionServer: CompactionChecker runs every PT10S
2023-12-27 02:53:27,508 INFO  [regionserver/worker2:16020] hbase.ChoreService: Chore ScheduledChore name=CompactedHFilesCleaner, period=120000, unit=MILLISECONDS is enabled.
2023-12-27 02:53:27,520 INFO  [regionserver/worker2:16020] hbase.ChoreService: Chore ScheduledChore name=CompactionChecker, period=10000, unit=MILLISECONDS is enabled.
2023-12-27 02:53:27,520 INFO  [regionserver/worker2:16020] hbase.ChoreService: Chore ScheduledChore name=MemstoreFlusherChore, period=10000, unit=MILLISECONDS is enabled.
2023-12-27 02:53:27,520 INFO  [regionserver/worker2:16020] hbase.ChoreService: Chore ScheduledChore name=nonceCleaner, period=360000, unit=MILLISECONDS is enabled.
2023-12-27 02:53:27,540 INFO  [SplitLogWorker-worker2:16020] regionserver.SplitLogWorker: SplitLogWorker worker2,16020,1703645560728 starting
2023-12-27 02:53:27,542 INFO  [regionserver/worker2:16020] regionserver.HeapMemoryManager: Starting, tuneOn=false
2023-12-27 02:53:27,544 INFO  [regionserver/worker2:16020] hbase.ChoreService: Chore ScheduledChore name=worker2,16020,1703645560728-HeapMemoryTunerChore, period=60000, unit=MILLISECONDS is enabled.
2023-12-27 02:53:27,547 INFO  [regionserver/worker2:16020] regionserver.ChunkCreator: Allocating data MemStoreChunkPool with chunk size 2 MB, max count 707, initial count 0
2023-12-27 02:53:27,549 INFO  [regionserver/worker2:16020] regionserver.ChunkCreator: Allocating index MemStoreChunkPool with chunk size 204.80 KB, max count 786, initial count 0
2023-12-27 02:53:27,565 INFO  [regionserver/worker2:16020] regionserver.Replication: worker2,16020,1703645560728 started
2023-12-27 02:53:27,565 INFO  [regionserver/worker2:16020] regionserver.HRegionServer: Serving as worker2,16020,1703645560728, RpcServer on worker2/172.28.1.3:16020, sessionid=0x200003b39730000
2023-12-27 02:53:27,568 INFO  [regionserver/worker2:16020] quotas.RegionServerRpcQuotaManager: Quota support disabled
2023-12-27 02:53:27,569 INFO  [regionserver/worker2:16020] quotas.RegionServerSpaceQuotaManager: Quota support disabled, not starting space quota manager.
2023-12-27 02:53:30,596 INFO  [regionserver/worker2:16020] wal.AbstractFSWAL: WAL configuration: blocksize=256 MB, rollsize=128 MB, prefix=worker2%2C16020%2C1703645560728, suffix=, logDir=hdfs://master:9000/hbase/WALs/worker2,16020,1703645560728, archiveDir=hdfs://master:9000/hbase/oldWALs, maxLogs=32
2023-12-27 02:53:30,749 INFO  [regionserver/worker2:16020] wal.AbstractFSWAL: New WAL /hbase/WALs/worker2,16020,1703645560728/worker2%2C16020%2C1703645560728.1703645610604
2023-12-27 02:54:24,048 INFO  [ReadOnlyZKClient-zoo1:2181,zoo2:2181,zoo3:2181@0x5a65953f] zookeeper.ZooKeeper: Session: 0x300003b39a00001 closed
2023-12-27 02:54:24,048 INFO  [ReadOnlyZKClient-zoo1:2181,zoo2:2181,zoo3:2181@0x5a65953f-EventThread] zookeeper.ClientCnxn: EventThread shut down for session: 0x300003b39a00001
2023-12-27 02:57:45,665 INFO  [LruBlockCacheStatsExecutor] hfile.LruBlockCache: totalSize=1.15 MB, freeSize=1.54 GB, max=1.54 GB, blockCount=0, accesses=0, hits=0, hitRatio=0, cachingAccesses=0, cachingHits=0, cachingHitsRatio=0,evictions=29, evicted=0, evictedPerRun=0.0
2023-12-27 02:58:27,565 INFO  [worker2:16020Replication Statistics #0] regionserver.Replication: Global stats: WAL Edits Buffer Used=0B, Limit=268435456B

2023-12-27 02:58:32,204 INFO  [RS_OPEN_PRIORITY_REGION-regionserver/worker2:16020-0] handler.AssignRegionHandler: Open hbase:namespace,,1703645610124.72b06e02038c70cf3a059aad9f21f81f.
2023-12-27 02:58:32,306 INFO  [StoreOpener-72b06e02038c70cf3a059aad9f21f81f-1] regionserver.HStore: Created cacheConfig: cacheDataOnRead=true, cacheDataOnWrite=false, cacheIndexesOnWrite=false, cacheBloomsOnWrite=false, cacheEvictOnClose=false, cacheDataCompressed=false, prefetchOnOpen=false for 72b06e02038c70cf3a059aad9f21f81f/info
2023-12-27 02:58:32,315 INFO  [StoreOpener-72b06e02038c70cf3a059aad9f21f81f-1] compactions.CompactionConfiguration: size [minCompactSize:128 MB, maxCompactSize:8.00 EB, offPeakMaxCompactSize:8.00 EB); files [minFilesToCompact:3, maxFilesToCompact:10); ratio 1.200000; off-peak ratio 5.000000; throttle point 2684354560; major period 604800000, major jitter 0.500000, min locality to compact 0.000000; tiered compaction: max_age 9223372036854775807, incoming window min 6, compaction policy for tiered window org.apache.hadoop.hbase.regionserver.compactions.ExploringCompactionPolicy, single output for minor true, compaction window factory org.apache.hadoop.hbase.regionserver.compactions.ExponentialCompactionWindowFactory, region 72b06e02038c70cf3a059aad9f21f81f columnFamilyName info
2023-12-27 02:58:32,400 INFO  [StoreOpener-72b06e02038c70cf3a059aad9f21f81f-1] regionserver.HStore: 72b06e02038c70cf3a059aad9f21f81f/info created,  memstore type=DefaultMemStore, storagePolicy=HOT, verifyBulkLoads=false, parallelPutCountPrintThreshold=50, encoding=NONE, compression=NONE
2023-12-27 02:58:32,438 INFO  [RS_OPEN_PRIORITY_REGION-regionserver/worker2:16020-0] regionserver.HRegion: Opened 72b06e02038c70cf3a059aad9f21f81f; next sequenceid=10
2023-12-27 02:58:32,467 INFO  [RS_OPEN_PRIORITY_REGION-regionserver/worker2:16020-0] regionserver.HRegionServer: Post open deploy tasks for hbase:namespace,,1703645610124.72b06e02038c70cf3a059aad9f21f81f., pid=11, masterSystemTime=1703645912077
2023-12-27 02:58:32,487 INFO  [RS_OPEN_PRIORITY_REGION-regionserver/worker2:16020-0] handler.AssignRegionHandler: Opened hbase:namespace,,1703645610124.72b06e02038c70cf3a059aad9f21f81f.
2023-12-27 03:02:45,665 INFO  [LruBlockCacheStatsExecutor] hfile.LruBlockCache: totalSize=1.15 MB, freeSize=1.54 GB, max=1.54 GB, blockCount=0, accesses=0, hits=0, hitRatio=0, cachingAccesses=0, cachingHits=0, cachingHitsRatio=0,evictions=59, evicted=0, evictedPerRun=0.0
2023-12-27 03:03:27,565 INFO  [worker2:16020Replication Statistics #0] regionserver.Replication: Global stats: WAL Edits Buffer Used=0B, Limit=268435456B

2023-12-27 03:07:45,664 INFO  [LruBlockCacheStatsExecutor] hfile.LruBlockCache: totalSize=1.15 MB, freeSize=1.54 GB, max=1.54 GB, blockCount=0, accesses=0, hits=0, hitRatio=0, cachingAccesses=0, cachingHits=0, cachingHitsRatio=0,evictions=89, evicted=0, evictedPerRun=0.0
2023-12-27 03:08:27,565 INFO  [worker2:16020Replication Statistics #0] regionserver.Replication: Global stats: WAL Edits Buffer Used=0B, Limit=268435456B

2023-12-27 03:12:45,665 INFO  [LruBlockCacheStatsExecutor] hfile.LruBlockCache: totalSize=1.15 MB, freeSize=1.54 GB, max=1.54 GB, blockCount=0, accesses=0, hits=0, hitRatio=0, cachingAccesses=0, cachingHits=0, cachingHitsRatio=0,evictions=119, evicted=0, evictedPerRun=0.0
2023-12-27 03:13:27,565 INFO  [worker2:16020Replication Statistics #0] regionserver.Replication: Global stats: WAL Edits Buffer Used=0B, Limit=268435456B

