Wed Dec 27 10:49:33 CST 2023 Starting thrift2 on worker2
core file size          (blocks, -c) unlimited
data seg size           (kbytes, -d) unlimited
scheduling priority             (-e) 0
file size               (blocks, -f) unlimited
pending signals                 (-i) 62919
max locked memory       (kbytes, -l) 64
max memory size         (kbytes, -m) unlimited
open files                      (-n) 1048576
pipe size            (512 bytes, -p) 8
POSIX message queues     (bytes, -q) 819200
real-time priority              (-r) 0
stack size              (kbytes, -s) 8192
cpu time               (seconds, -t) unlimited
max user processes              (-u) unlimited
virtual memory          (kbytes, -v) unlimited
file locks                      (-x) unlimited
2023-12-27 02:49:38,242 INFO  [main] thrift.ImplType: Using default thrift server type
2023-12-27 02:49:38,243 INFO  [main] thrift.ImplType: Using thrift server type threadpool
2023-12-27 02:49:38,328 WARN  [main] util.NativeCodeLoader: Unable to load native-hadoop library for your platform... using builtin-java classes where applicable
2023-12-27 02:49:40,487 INFO  [main] metrics.MetricRegistries: Loaded MetricRegistries class org.apache.hadoop.hbase.metrics.impl.MetricRegistriesImpl
2023-12-27 02:49:40,671 INFO  [main] hbase.ChoreService: Chore ScheduledChore name=ConnectionCleaner, period=10000, unit=MILLISECONDS is enabled.
2023-12-27 02:49:41,227 INFO  [main] thrift.ThriftServer: starting HBase ThreadPool Thrift server on /0.0.0.0:9090
2023-12-27 02:49:41,333 INFO  [main] util.log: Logging initialized @6228ms
2023-12-27 02:49:42,024 INFO  [main] http.HttpServer: Added global filter 'safety' (class=org.apache.hadoop.hbase.http.HttpServer$QuotingInputFilter)
2023-12-27 02:49:42,058 INFO  [main] http.HttpServer: Added global filter 'clickjackingprevention' (class=org.apache.hadoop.hbase.http.ClickjackingPreventionFilter)
2023-12-27 02:49:42,059 INFO  [main] http.HttpServer: Added global filter 'securityheaders' (class=org.apache.hadoop.hbase.http.SecurityHeadersFilter)
2023-12-27 02:49:42,110 INFO  [main] http.HttpServer: Added filter static_user_filter (class=org.apache.hadoop.hbase.http.lib.StaticUserWebFilter$StaticUserFilter) to context thrift
2023-12-27 02:49:42,110 INFO  [main] http.HttpServer: Added filter static_user_filter (class=org.apache.hadoop.hbase.http.lib.StaticUserWebFilter$StaticUserFilter) to context logs
2023-12-27 02:49:42,111 INFO  [main] http.HttpServer: Added filter static_user_filter (class=org.apache.hadoop.hbase.http.lib.StaticUserWebFilter$StaticUserFilter) to context static
2023-12-27 02:49:42,158 INFO  [main] http.HttpServer: ASYNC_PROFILER_HOME environment variable and async.profiler.home system property not specified. Disabling /prof endpoint.
2023-12-27 02:49:42,421 INFO  [main] http.HttpServer: Jetty bound to port 9095
2023-12-27 02:49:42,422 INFO  [main] server.Server: jetty-9.3.28.v20191105, build timestamp: 2019-11-05T18:00:51Z, git hash: d7dd68d6e9d8ff06a0130e46886c2db5d70784c1
2023-12-27 02:49:42,781 INFO  [main] http.SecurityHeadersFilter: Added security headers filter
2023-12-27 02:49:42,789 INFO  [main] handler.ContextHandler: Started o.e.j.s.ServletContextHandler@4201c465{/logs,file:///usr/program/hbase/logs/,AVAILABLE}
2023-12-27 02:49:42,789 INFO  [main] http.SecurityHeadersFilter: Added security headers filter
2023-12-27 02:49:42,789 INFO  [main] handler.ContextHandler: Started o.e.j.s.ServletContextHandler@6cb107fd{/static,file:///usr/program/hbase/hbase-webapps/static/,AVAILABLE}
2023-12-27 02:49:43,250 INFO  [main] webapp.StandardDescriptorProcessor: NO JSP Support for /, did not find org.eclipse.jetty.jsp.JettyJspServlet
2023-12-27 02:49:43,276 INFO  [main] http.SecurityHeadersFilter: Added security headers filter
2023-12-27 02:49:43,362 INFO  [main] handler.ContextHandler: Started o.e.j.w.WebAppContext@2fba3fc4{/,file:///usr/program/hbase/hbase-webapps/thrift/,AVAILABLE}{file:/usr/program/hbase/hbase-webapps/thrift}
2023-12-27 02:49:43,462 INFO  [main] server.AbstractConnector: Started ServerConnector@6a57ae10{HTTP/1.1,[http/1.1]}{0.0.0.0:9095}
2023-12-27 02:49:43,462 INFO  [main] server.Server: Started @8358ms
Wed Dec 27 10:52:36 CST 2023 Starting thrift2 on worker2
core file size          (blocks, -c) unlimited
data seg size           (kbytes, -d) unlimited
scheduling priority             (-e) 0
file size               (blocks, -f) unlimited
pending signals                 (-i) 62919
max locked memory       (kbytes, -l) 64
max memory size         (kbytes, -m) unlimited
open files                      (-n) 1048576
pipe size            (512 bytes, -p) 8
POSIX message queues     (bytes, -q) 819200
real-time priority              (-r) 0
stack size              (kbytes, -s) 8192
cpu time               (seconds, -t) unlimited
max user processes              (-u) unlimited
virtual memory          (kbytes, -v) unlimited
file locks                      (-x) unlimited
2023-12-27 02:52:40,645 INFO  [main] thrift.ImplType: Using default thrift server type
2023-12-27 02:52:40,665 INFO  [main] thrift.ImplType: Using thrift server type threadpool
2023-12-27 02:52:40,854 WARN  [main] util.NativeCodeLoader: Unable to load native-hadoop library for your platform... using builtin-java classes where applicable
2023-12-27 02:52:42,744 INFO  [main] metrics.MetricRegistries: Loaded MetricRegistries class org.apache.hadoop.hbase.metrics.impl.MetricRegistriesImpl
2023-12-27 02:52:42,940 INFO  [main] hbase.ChoreService: Chore ScheduledChore name=ConnectionCleaner, period=10000, unit=MILLISECONDS is enabled.
2023-12-27 02:52:43,731 INFO  [main] thrift.ThriftServer: starting HBase ThreadPool Thrift server on /0.0.0.0:9090
2023-12-27 02:52:44,097 INFO  [main] util.log: Logging initialized @6925ms
2023-12-27 02:52:45,074 INFO  [main] http.HttpServer: Added global filter 'safety' (class=org.apache.hadoop.hbase.http.HttpServer$QuotingInputFilter)
2023-12-27 02:52:45,114 INFO  [main] http.HttpServer: Added global filter 'clickjackingprevention' (class=org.apache.hadoop.hbase.http.ClickjackingPreventionFilter)
2023-12-27 02:52:45,116 INFO  [main] http.HttpServer: Added global filter 'securityheaders' (class=org.apache.hadoop.hbase.http.SecurityHeadersFilter)
2023-12-27 02:52:45,151 INFO  [main] http.HttpServer: Added filter static_user_filter (class=org.apache.hadoop.hbase.http.lib.StaticUserWebFilter$StaticUserFilter) to context thrift
2023-12-27 02:52:45,151 INFO  [main] http.HttpServer: Added filter static_user_filter (class=org.apache.hadoop.hbase.http.lib.StaticUserWebFilter$StaticUserFilter) to context logs
2023-12-27 02:52:45,151 INFO  [main] http.HttpServer: Added filter static_user_filter (class=org.apache.hadoop.hbase.http.lib.StaticUserWebFilter$StaticUserFilter) to context static
2023-12-27 02:52:45,209 INFO  [main] http.HttpServer: ASYNC_PROFILER_HOME environment variable and async.profiler.home system property not specified. Disabling /prof endpoint.
2023-12-27 02:52:45,500 INFO  [main] http.HttpServer: Jetty bound to port 9095
2023-12-27 02:52:45,501 INFO  [main] server.Server: jetty-9.3.28.v20191105, build timestamp: 2019-11-05T18:00:51Z, git hash: d7dd68d6e9d8ff06a0130e46886c2db5d70784c1
2023-12-27 02:52:45,916 INFO  [main] http.SecurityHeadersFilter: Added security headers filter
2023-12-27 02:52:45,918 INFO  [main] handler.ContextHandler: Started o.e.j.s.ServletContextHandler@4201c465{/logs,file:///usr/program/hbase/logs/,AVAILABLE}
2023-12-27 02:52:45,946 INFO  [main] http.SecurityHeadersFilter: Added security headers filter
2023-12-27 02:52:45,946 INFO  [main] handler.ContextHandler: Started o.e.j.s.ServletContextHandler@6cb107fd{/static,file:///usr/program/hbase/hbase-webapps/static/,AVAILABLE}
2023-12-27 02:52:46,886 INFO  [main] webapp.StandardDescriptorProcessor: NO JSP Support for /, did not find org.eclipse.jetty.jsp.JettyJspServlet
2023-12-27 02:52:46,915 INFO  [main] http.SecurityHeadersFilter: Added security headers filter
2023-12-27 02:52:46,936 INFO  [main] handler.ContextHandler: Started o.e.j.w.WebAppContext@2fba3fc4{/,file:///usr/program/hbase/hbase-webapps/thrift/,AVAILABLE}{file:/usr/program/hbase/hbase-webapps/thrift}
2023-12-27 02:52:46,967 INFO  [main] server.AbstractConnector: Started ServerConnector@12604d4a{HTTP/1.1,[http/1.1]}{0.0.0.0:9095}
2023-12-27 02:52:46,967 INFO  [main] server.Server: Started @9796ms
